#
# There is insufficient memory for the Java Runtime Environment to continue.
# Native memory allocation (malloc) failed to allocate 984176 bytes for Chunk::new
# Possible reasons:
#   The system is out of physical RAM or swap space
#   The process is running with CompressedOops enabled, and the Java Heap may be blocking the growth of the native heap
# Possible solutions:
#   Reduce memory load on the system
#   Increase physical memory or swap space
#   Check if swap backing store is full
#   Decrease Java heap size (-Xmx/-Xms)
#   Decrease number of Java threads
#   Decrease Java thread stack sizes (-Xss)
#   Set larger code cache with -XX:ReservedCodeCacheSize=
#   JVM is running with Unscaled Compressed Oops mode in which the Java heap is
#     placed in the first 4GB address space. The Java Heap base address is the
#     maximum limit for the native heap growth. Please use -XX:HeapBaseMinAddress
#     to set the Java Heap base and to place the Java Heap above 4GB virtual address.
# This output file may be truncated or incomplete.
#
#  Out of Memory Error (arena.cpp:184), pid=11748, tid=11628
#
# JRE version: Java(TM) SE Runtime Environment (18.0+36) (build 18+36-2087)
# Java VM: Java HotSpot(TM) 64-Bit Server VM (18+36-2087, mixed mode, sharing, tiered, compressed oops, compressed class ptrs, g1 gc, windows-amd64)
# No core dump will be written. Minidumps are not enabled by default on client versions of Windows
#

---------------  S U M M A R Y ------------

Command Line: --add-opens=java.base/java.util=ALL-UNNAMED --add-opens=java.base/java.lang=ALL-UNNAMED --add-opens=java.base/java.lang.invoke=ALL-UNNAMED --add-opens=java.base/java.util=ALL-UNNAMED --add-opens=java.prefs/java.util.prefs=ALL-UNNAMED --add-opens=java.prefs/java.util.prefs=ALL-UNNAMED --add-opens=java.base/java.nio.charset=ALL-UNNAMED --add-opens=java.base/java.net=ALL-UNNAMED --add-opens=java.base/java.util.concurrent.atomic=ALL-UNNAMED -XX:MaxMetaspaceSize=256m -XX:+HeapDumpOnOutOfMemoryError -Xms256m -Xmx512m -Dfile.encoding=UTF-8 -Duser.country=RU -Duser.language=ru -Duser.variant org.gradle.launcher.daemon.bootstrap.GradleDaemon 7.4.1

Host: Intel(R) Core(TM) i5-3337U CPU @ 1.80GHz, 4 cores, 3G,  Windows 10 , 64 bit Build 19041 (10.0.19041.1645)
Time: Sat Apr 30 21:01:53 2022  Windows 10 , 64 bit Build 19041 (10.0.19041.1645) elapsed time: 19.403067 seconds (0d 0h 0m 19s)

---------------  T H R E A D  ---------------

Current thread (0x000001ea556ac930):  JavaThread "C2 CompilerThread0" daemon [_thread_in_native, id=11628, stack(0x000000b56e300000,0x000000b56e400000)]


Current CompileTask:
C2:  19403 7783 % !   4       java.util.jar.Attributes::read @ 214 (494 bytes)

Stack: [0x000000b56e300000,0x000000b56e400000]
Native frames: (J=compiled Java code, j=interpreted, Vv=VM code, C=native code)
V  [jvm.dll+0x69804a]
V  [jvm.dll+0x7f308d]
V  [jvm.dll+0x7f499e]
V  [jvm.dll+0x7f5053]
V  [jvm.dll+0x25ca3f]
V  [jvm.dll+0xb8c2f]
V  [jvm.dll+0xb8fa5]
V  [jvm.dll+0x385a31]
V  [jvm.dll+0x34f811]
V  [jvm.dll+0x34ecaa]
V  [jvm.dll+0x22fc21]
V  [jvm.dll+0x22eff1]
V  [jvm.dll+0x1b9cfc]
V  [jvm.dll+0x23e8ca]
V  [jvm.dll+0x23cbac]
V  [jvm.dll+0x7a5781]
V  [jvm.dll+0x79fbba]
V  [jvm.dll+0x696ef5]
C  [ucrtbase.dll+0x21bb2]
C  [KERNEL32.DLL+0x17034]
C  [ntdll.dll+0x52651]


---------------  P R O C E S S  ---------------

Threads class SMR info:
_java_thread_list=0x000001ea5c2715d0, length=86, elements={
0x000001ea3b6014b0, 0x000001ea55692ac0, 0x000001ea55694520, 0x000001ea556a2740,
0x000001ea556a4000, 0x000001ea556a5050, 0x000001ea556ab5b0, 0x000001ea556ac930,
0x000001ea556b0170, 0x000001ea556c5240, 0x000001ea599a9680, 0x000001ea599b21a0,
0x000001ea5a332bf0, 0x000001ea5afa8700, 0x000001ea5b2905c0, 0x000001ea5afd83b0,
0x000001ea5afd8870, 0x000001ea5b44f420, 0x000001ea5b44fbe0, 0x000001ea5b071800,
0x000001ea5b06f180, 0x000001ea5b071cd0, 0x000001ea5b06ecb0, 0x000001ea5b0721a0,
0x000001ea5b06f650, 0x000001ea5b06fb20, 0x000001ea5b06fff0, 0x000001ea5b0704c0,
0x000001ea5b070990, 0x000001ea5b070e60, 0x000001ea5b071330, 0x000001ea5be878b0,
0x000001ea5be86a40, 0x000001ea5be85230, 0x000001ea5be813a0, 0x000001ea5be85700,
0x000001ea5be84d60, 0x000001ea5be80060, 0x000001ea5be86f10, 0x000001ea5be80a00,
0x000001ea5be83a20, 0x000001ea5be873e0, 0x000001ea5be80ed0, 0x000001ea5be826e0,
0x000001ea5be82bb0, 0x000001ea5be83080, 0x000001ea5c72c2a0, 0x000001ea5c72d5e0,
0x000001ea5c72edf0, 0x000001ea5c72bdd0, 0x000001ea5c732c80, 0x000001ea5c730ad0,
0x000001ea5c733150, 0x000001ea5c7327b0, 0x000001ea5c730600, 0x000001ea5c731470,
0x000001ea5c72fc60, 0x000001ea5c72e920, 0x000001ea5c72d110, 0x000001ea5c730fa0,
0x000001ea5c72b900, 0x000001ea5c72c770, 0x000001ea5c72cc40, 0x000001ea5c731940,
0x000001ea5c731e10, 0x000001ea5c72dab0, 0x000001ea5c72f790, 0x000001ea5c72e450,
0x000001ea5c72df80, 0x000001ea5be80530, 0x000001ea5a9277e0, 0x000001ea5a923950,
0x000001ea5a926e40, 0x000001ea5a925fd0, 0x000001ea5a927cb0, 0x000001ea5a924c90,
0x000001ea5a922fb0, 0x000001ea5a928650, 0x000001ea5a9294c0, 0x000001ea5a925160,
0x000001ea5a9264a0, 0x000001ea5a923e20, 0x000001ea5a928180, 0x000001ea5a926970,
0x000001ea5a922610, 0x000001ea5a922140
}

Java Threads: ( => current thread )
  0x000001ea3b6014b0 JavaThread "main" [_thread_blocked, id=3144, stack(0x000000b56d600000,0x000000b56d700000)]
  0x000001ea55692ac0 JavaThread "Reference Handler" daemon [_thread_blocked, id=3220, stack(0x000000b56dd00000,0x000000b56de00000)]
  0x000001ea55694520 JavaThread "Finalizer" daemon [_thread_blocked, id=4364, stack(0x000000b56de00000,0x000000b56df00000)]
  0x000001ea556a2740 JavaThread "Signal Dispatcher" daemon [_thread_blocked, id=8792, stack(0x000000b56df00000,0x000000b56e000000)]
  0x000001ea556a4000 JavaThread "Attach Listener" daemon [_thread_blocked, id=4796, stack(0x000000b56e000000,0x000000b56e100000)]
  0x000001ea556a5050 JavaThread "Service Thread" daemon [_thread_blocked, id=10676, stack(0x000000b56e100000,0x000000b56e200000)]
  0x000001ea556ab5b0 JavaThread "Monitor Deflation Thread" daemon [_thread_blocked, id=9220, stack(0x000000b56e200000,0x000000b56e300000)]
=>0x000001ea556ac930 JavaThread "C2 CompilerThread0" daemon [_thread_in_native, id=11628, stack(0x000000b56e300000,0x000000b56e400000)]
  0x000001ea556b0170 JavaThread "C1 CompilerThread0" daemon [_thread_blocked, id=2596, stack(0x000000b56e400000,0x000000b56e500000)]
  0x000001ea556c5240 JavaThread "Sweeper thread" daemon [_thread_blocked, id=11984, stack(0x000000b56e500000,0x000000b56e600000)]
  0x000001ea599a9680 JavaThread "Common-Cleaner" daemon [_thread_blocked, id=11844, stack(0x000000b56e600000,0x000000b56e700000)]
  0x000001ea599b21a0 JavaThread "Notification Thread" daemon [_thread_blocked, id=420, stack(0x000000b56e700000,0x000000b56e800000)]
  0x000001ea5a332bf0 JavaThread "Daemon health stats" [_thread_blocked, id=10936, stack(0x000000b56ec00000,0x000000b56ed00000)]
  0x000001ea5afa8700 JavaThread "Incoming local TCP Connector on port 52338" [_thread_in_native, id=4396, stack(0x000000b56ed00000,0x000000b56ee00000)]
  0x000001ea5b2905c0 JavaThread "Daemon periodic checks" [_thread_blocked, id=6168, stack(0x000000b56ee00000,0x000000b56ef00000)]
  0x000001ea5afd83b0 JavaThread "Daemon" [_thread_blocked, id=10704, stack(0x000000b56ef00000,0x000000b56f000000)]
  0x000001ea5afd8870 JavaThread "Handler for socket connection from /127.0.0.1:52338 to /127.0.0.1:52339" [_thread_in_native, id=7300, stack(0x000000b56f000000,0x000000b56f100000)]
  0x000001ea5b44f420 JavaThread "Cancel handler" [_thread_blocked, id=2940, stack(0x000000b56f100000,0x000000b56f200000)]
  0x000001ea5b44fbe0 JavaThread "Daemon worker" [_thread_blocked, id=10432, stack(0x000000b56f200000,0x000000b56f300000)]
  0x000001ea5b071800 JavaThread "Asynchronous log dispatcher for DefaultDaemonConnection: socket connection from /127.0.0.1:52338 to /127.0.0.1:52339" [_thread_blocked, id=2068, stack(0x000000b56f300000,0x000000b56f400000)]
  0x000001ea5b06f180 JavaThread "Stdin handler" [_thread_blocked, id=12280, stack(0x000000b56f400000,0x000000b56f500000)]
  0x000001ea5b071cd0 JavaThread "Daemon client event forwarder" [_thread_blocked, id=4456, stack(0x000000b56f500000,0x000000b56f600000)]
  0x000001ea5b06ecb0 JavaThread "Cache worker for journal cache (C:\Users\Asus\.gradle\caches\journal-1)" [_thread_blocked, id=1540, stack(0x000000b56f600000,0x000000b56f700000)]
  0x000001ea5b0721a0 JavaThread "File lock request listener" [_thread_in_native, id=11528, stack(0x000000b56f700000,0x000000b56f800000)]
  0x000001ea5b06f650 JavaThread "Cache worker for file hash cache (C:\Users\Asus\.gradle\caches\7.4.1\fileHashes)" [_thread_blocked, id=7512, stack(0x000000b56f800000,0x000000b56f900000)]
  0x000001ea5b06fb20 JavaThread "File watcher server" daemon [_thread_in_native, id=11356, stack(0x000000b56f900000,0x000000b56fa00000)]
  0x000001ea5b06fff0 JavaThread "File watcher consumer" daemon [_thread_blocked, id=11908, stack(0x000000b56fa00000,0x000000b56fb00000)]
  0x000001ea5b0704c0 JavaThread "Cache worker for checksums cache (D:\Aset\IdeaProjects\ecollege\.gradle\7.4.1\checksums)" [_thread_blocked, id=5448, stack(0x000000b56fb00000,0x000000b56fc00000)]
  0x000001ea5b070990 JavaThread "Cache worker for cache directory md-rule (C:\Users\Asus\.gradle\caches\7.4.1\md-rule)" [_thread_blocked, id=240, stack(0x000000b56fc00000,0x000000b56fd00000)]
  0x000001ea5b070e60 JavaThread "Cache worker for file hash cache (D:\Aset\IdeaProjects\ecollege\.gradle\7.4.1\fileHashes)" [_thread_blocked, id=11024, stack(0x000000b56fd00000,0x000000b56fe00000)]
  0x000001ea5b071330 JavaThread "Cache worker for cache directory md-supplier (C:\Users\Asus\.gradle\caches\7.4.1\md-supplier)" [_thread_blocked, id=9656, stack(0x000000b56fe00000,0x000000b56ff00000)]
  0x000001ea5be878b0 JavaThread "Cache worker for execution history cache (C:\Users\Asus\.gradle\caches\7.4.1\executionHistory)" [_thread_blocked, id=1364, stack(0x000000b56ff00000,0x000000b570000000)]
  0x000001ea5be86a40 JavaThread "jar transforms" [_thread_blocked, id=10296, stack(0x000000b570000000,0x000000b570100000)]
  0x000001ea5be85230 JavaThread "jar transforms Thread 2" [_thread_blocked, id=9380, stack(0x000000b570100000,0x000000b570200000)]
  0x000001ea5be813a0 JavaThread "Cache worker for file content cache (C:\Users\Asus\.gradle\caches\7.4.1\fileContent)" [_thread_blocked, id=9744, stack(0x000000b570200000,0x000000b570300000)]
  0x000001ea5be85700 JavaThread "Cache worker for dependencies-accessors (D:\Aset\IdeaProjects\ecollege\.gradle\7.4.1\dependencies-accessors)" [_thread_blocked, id=12032, stack(0x000000b570300000,0x000000b570400000)]
  0x000001ea5be84d60 JavaThread "jar transforms Thread 3" [_thread_blocked, id=4860, stack(0x000000b570400000,0x000000b570500000)]
  0x000001ea5be80060 JavaThread "Cache worker for Build Output Cleanup Cache (D:\Aset\IdeaProjects\ecollege\.gradle\buildOutputCleanup)" [_thread_blocked, id=1504, stack(0x000000b570500000,0x000000b570600000)]
  0x000001ea5be86f10 JavaThread "Unconstrained build operations" [_thread_blocked, id=1912, stack(0x000000b570600000,0x000000b570700000)]
  0x000001ea5be80a00 JavaThread "Unconstrained build operations Thread 2" [_thread_blocked, id=3116, stack(0x000000b570700000,0x000000b570800000)]
  0x000001ea5be83a20 JavaThread "Unconstrained build operations Thread 3" [_thread_blocked, id=9592, stack(0x000000b570800000,0x000000b570900000)]
  0x000001ea5be873e0 JavaThread "Unconstrained build operations Thread 4" [_thread_blocked, id=6328, stack(0x000000b570900000,0x000000b570a00000)]
  0x000001ea5be80ed0 JavaThread "Unconstrained build operations Thread 5" [_thread_blocked, id=12184, stack(0x000000b570a00000,0x000000b570b00000)]
  0x000001ea5be826e0 JavaThread "Unconstrained build operations Thread 6" [_thread_blocked, id=1276, stack(0x000000b570b00000,0x000000b570c00000)]
  0x000001ea5be82bb0 JavaThread "Unconstrained build operations Thread 7" [_thread_blocked, id=11380, stack(0x000000b570c00000,0x000000b570d00000)]
  0x000001ea5be83080 JavaThread "Unconstrained build operations Thread 8" [_thread_blocked, id=8920, stack(0x000000b570d00000,0x000000b570e00000)]
  0x000001ea5c72c2a0 JavaThread "Unconstrained build operations Thread 9" [_thread_blocked, id=11364, stack(0x000000b570e00000,0x000000b570f00000)]
  0x000001ea5c72d5e0 JavaThread "Unconstrained build operations Thread 10" [_thread_blocked, id=8544, stack(0x000000b570f00000,0x000000b571000000)]
  0x000001ea5c72edf0 JavaThread "Unconstrained build operations Thread 11" [_thread_blocked, id=11372, stack(0x000000b571000000,0x000000b571100000)]
  0x000001ea5c72bdd0 JavaThread "Unconstrained build operations Thread 12" [_thread_blocked, id=5424, stack(0x000000b571100000,0x000000b571200000)]
  0x000001ea5c732c80 JavaThread "Unconstrained build operations Thread 13" [_thread_blocked, id=11548, stack(0x000000b571200000,0x000000b571300000)]
  0x000001ea5c730ad0 JavaThread "Unconstrained build operations Thread 14" [_thread_blocked, id=1640, stack(0x000000b571300000,0x000000b571400000)]
  0x000001ea5c733150 JavaThread "Unconstrained build operations Thread 15" [_thread_blocked, id=12192, stack(0x000000b571400000,0x000000b571500000)]
  0x000001ea5c7327b0 JavaThread "Unconstrained build operations Thread 16" [_thread_blocked, id=4100, stack(0x000000b571500000,0x000000b571600000)]
  0x000001ea5c730600 JavaThread "Unconstrained build operations Thread 17" [_thread_blocked, id=7164, stack(0x000000b571600000,0x000000b571700000)]
  0x000001ea5c731470 JavaThread "Unconstrained build operations Thread 18" [_thread_blocked, id=1792, stack(0x000000b571700000,0x000000b571800000)]
  0x000001ea5c72fc60 JavaThread "Unconstrained build operations Thread 19" [_thread_blocked, id=1264, stack(0x000000b571800000,0x000000b571900000)]
  0x000001ea5c72e920 JavaThread "jar transforms Thread 4" [_thread_blocked, id=7204, stack(0x000000b571900000,0x000000b571a00000)]
  0x000001ea5c72d110 JavaThread "Memory manager" [_thread_blocked, id=2668, stack(0x000000b571a00000,0x000000b571b00000)]
  0x000001ea5c730fa0 JavaThread "included builds" [_thread_blocked, id=5228, stack(0x000000b571b00000,0x000000b571c00000)]
  0x000001ea5c72b900 JavaThread "Execution worker for ':'" [_thread_in_vm, id=4296, stack(0x000000b571c00000,0x000000b571d00000)]
  0x000001ea5c72c770 JavaThread "Execution worker for ':' Thread 2" [_thread_blocked, id=4360, stack(0x000000b571d00000,0x000000b571e00000)]
  0x000001ea5c72cc40 JavaThread "Execution worker for ':' Thread 3" [_thread_blocked, id=12132, stack(0x000000b571e00000,0x000000b571f00000)]
  0x000001ea5c731940 JavaThread "Cache worker for execution history cache (D:\Aset\IdeaProjects\ecollege\.gradle\7.4.1\executionHistory)" [_thread_blocked, id=9256, stack(0x000000b571f00000,0x000000b572000000)]
  0x000001ea5c731e10 JavaThread "Unconstrained build operations Thread 20" [_thread_blocked, id=1156, stack(0x000000b572000000,0x000000b572100000)]
  0x000001ea5c72dab0 JavaThread "Unconstrained build operations Thread 21" [_thread_blocked, id=8876, stack(0x000000b572100000,0x000000b572200000)]
  0x000001ea5c72f790 JavaThread "Unconstrained build operations Thread 22" [_thread_blocked, id=2800, stack(0x000000b572200000,0x000000b572300000)]
  0x000001ea5c72e450 JavaThread "Unconstrained build operations Thread 23" [_thread_blocked, id=9076, stack(0x000000b572300000,0x000000b572400000)]
  0x000001ea5c72df80 JavaThread "Unconstrained build operations Thread 24" [_thread_blocked, id=11812, stack(0x000000b572400000,0x000000b572500000)]
  0x000001ea5be80530 JavaThread "Unconstrained build operations Thread 25" [_thread_blocked, id=11484, stack(0x000000b572500000,0x000000b572600000)]
  0x000001ea5a9277e0 JavaThread "Unconstrained build operations Thread 26" [_thread_blocked, id=11176, stack(0x000000b572600000,0x000000b572700000)]
  0x000001ea5a923950 JavaThread "Unconstrained build operations Thread 27" [_thread_blocked, id=10924, stack(0x000000b572700000,0x000000b572800000)]
  0x000001ea5a926e40 JavaThread "Unconstrained build operations Thread 28" [_thread_blocked, id=1712, stack(0x000000b572800000,0x000000b572900000)]
  0x000001ea5a925fd0 JavaThread "Unconstrained build operations Thread 29" [_thread_blocked, id=9136, stack(0x000000b572900000,0x000000b572a00000)]
  0x000001ea5a927cb0 JavaThread "Unconstrained build operations Thread 30" [_thread_blocked, id=10904, stack(0x000000b572a00000,0x000000b572b00000)]
  0x000001ea5a924c90 JavaThread "Unconstrained build operations Thread 31" [_thread_blocked, id=6240, stack(0x000000b572b00000,0x000000b572c00000)]
  0x000001ea5a922fb0 JavaThread "Unconstrained build operations Thread 32" [_thread_blocked, id=10428, stack(0x000000b572c00000,0x000000b572d00000)]
  0x000001ea5a928650 JavaThread "Unconstrained build operations Thread 33" [_thread_blocked, id=2620, stack(0x000000b572d00000,0x000000b572e00000)]
  0x000001ea5a9294c0 JavaThread "Unconstrained build operations Thread 34" [_thread_blocked, id=1916, stack(0x000000b572e00000,0x000000b572f00000)]
  0x000001ea5a925160 JavaThread "Unconstrained build operations Thread 35" [_thread_blocked, id=11208, stack(0x000000b572f00000,0x000000b573000000)]
  0x000001ea5a9264a0 JavaThread "Unconstrained build operations Thread 36" [_thread_blocked, id=11736, stack(0x000000b573000000,0x000000b573100000)]
  0x000001ea5a923e20 JavaThread "Unconstrained build operations Thread 37" [_thread_blocked, id=2984, stack(0x000000b573200000,0x000000b573300000)]
  0x000001ea5a928180 JavaThread "Unconstrained build operations Thread 38" [_thread_blocked, id=8700, stack(0x000000b573300000,0x000000b573400000)]
  0x000001ea5a926970 JavaThread "Unconstrained build operations Thread 39" [_thread_blocked, id=12124, stack(0x000000b573400000,0x000000b573500000)]
  0x000001ea5a922610 JavaThread "Unconstrained build operations Thread 40" [_thread_blocked, id=11524, stack(0x000000b573500000,0x000000b573600000)]
  0x000001ea5a922140 JavaThread "Cache worker for Java compile cache (C:\Users\Asus\.gradle\caches\7.4.1\javaCompile)" [_thread_blocked, id=4780, stack(0x000000b573600000,0x000000b573700000)]

Other Threads:
  0x000001ea3b640750 VMThread "VM Thread" [stack: 0x000000b56dc00000,0x000000b56dd00000] [id=11852]
  0x000001ea599b4670 WatcherThread "VM Periodic Task Thread" [stack: 0x000000b56e800000,0x000000b56e900000] [id=5752]
  0x000001ea3b634400 WorkerThread "GC Thread#0" [stack: 0x000000b56d700000,0x000000b56d800000] [id=11340]
  0x000001ea5a131ca0 WorkerThread "GC Thread#1" [stack: 0x000000b56e900000,0x000000b56ea00000] [id=10484]
  0x000001ea59ed4670 WorkerThread "GC Thread#2" [stack: 0x000000b56ea00000,0x000000b56eb00000] [id=9644]
  0x000001ea59ed4910 WorkerThread "GC Thread#3" [stack: 0x000000b56eb00000,0x000000b56ec00000] [id=5480]
  0x000001ea3b639240 ConcurrentGCThread "G1 Main Marker" [stack: 0x000000b56d800000,0x000000b56d900000] [id=4944]
  0x000001ea3b63a2e0 WorkerThread "G1 Conc#0" [stack: 0x000000b56d900000,0x000000b56da00000] [id=8160]
  0x000001ea3b6a80f0 ConcurrentGCThread "G1 Refine#0" [stack: 0x000000b56da00000,0x000000b56db00000] [id=11704]
  0x000001ea5ce53ce0 ConcurrentGCThread "G1 Refine#1" [stack: 0x000000b573100000,0x000000b573200000] [id=9408]
  0x000001ea3b6a8910 ConcurrentGCThread "G1 Service" [stack: 0x000000b56db00000,0x000000b56dc00000] [id=11960]

Threads with active compile tasks:
C2 CompilerThread0    19476 7783 % !   4       java.util.jar.Attributes::read @ 214 (494 bytes)

VM state: not at safepoint (normal execution)

VM Mutex/Monitor currently owned by a thread: None

Heap address: 0x00000000e0000000, size: 512 MB, Compressed Oops mode: 32-bit

CDS archive(s) mapped at: [0x0000000800000000-0x0000000800ba0000-0x0000000800ba0000), size 12189696, SharedBaseAddress: 0x0000000800000000, ArchiveRelocationMode: 0.
Compressed class space mapped at: 0x0000000800c00000-0x000000080dc00000, reserved size: 218103808
Narrow klass base: 0x0000000800000000, Narrow klass shift: 0, Narrow klass range: 0x100000000

GC Precious Log:
 CardTable entry size: 512
 Card Set container configuration: InlinePtr #cards 5 size 8 Array Of Cards #cards 12 size 40 Howl #buckets 4 coarsen threshold 1843 Howl Bitmap #cards 512 size 80 coarsen threshold 460 Card regions per heap region 1 cards per card region 2048
 CPUs: 4 total, 4 available
 Memory: 3981M
 Large Page Support: Disabled
 NUMA Support: Disabled
 Compressed Oops: Enabled (32-bit)
 Heap Region Size: 1M
 Heap Min Capacity: 256M
 Heap Initial Capacity: 256M
 Heap Max Capacity: 512M
 Pre-touch: Disabled
 Parallel Workers: 4
 Concurrent Workers: 1
 Concurrent Refinement Workers: 4
 Periodic GC: Disabled

Heap:
 garbage-first heap   total 262144K, used 144175K [0x00000000e0000000, 0x0000000100000000)
  region size 1024K, 116 young (118784K), 13 survivors (13312K)
 Metaspace       used 57583K, committed 59200K, reserved 278528K
  class space    used 7929K, committed 8768K, reserved 212992K

Heap Regions: E=young(eden), S=young(survivor), O=old, HS=humongous(starts), HC=humongous(continues), CS=collection set, F=free, OA=open archive, CA=closed archive, TAMS=top-at-mark-start (previous, next)
|   0|0x00000000e0000000, 0x00000000e0100000, 0x00000000e0100000|100%|HS|  |TAMS 0x00000000e0100000, 0x00000000e0000000| Complete 
|   1|0x00000000e0100000, 0x00000000e0200000, 0x00000000e0200000|100%|HC|  |TAMS 0x00000000e0200000, 0x00000000e0100000| Complete 
|   2|0x00000000e0200000, 0x00000000e0300000, 0x00000000e0300000|100%|HC|  |TAMS 0x00000000e0300000, 0x00000000e0200000| Complete 
|   3|0x00000000e0300000, 0x00000000e0400000, 0x00000000e0400000|100%| O|  |TAMS 0x00000000e0400000, 0x00000000e0300000| Untracked 
|   4|0x00000000e0400000, 0x00000000e0500000, 0x00000000e0500000|100%| O|  |TAMS 0x00000000e0500000, 0x00000000e0400000| Untracked 
|   5|0x00000000e0500000, 0x00000000e0600000, 0x00000000e0600000|100%| O|  |TAMS 0x00000000e0600000, 0x00000000e0500000| Untracked 
|   6|0x00000000e0600000, 0x00000000e0700000, 0x00000000e0700000|100%| O|  |TAMS 0x00000000e0700000, 0x00000000e0600000| Untracked 
|   7|0x00000000e0700000, 0x00000000e0800000, 0x00000000e0800000|100%| O|  |TAMS 0x00000000e0800000, 0x00000000e0700000| Untracked 
|   8|0x00000000e0800000, 0x00000000e0900000, 0x00000000e0900000|100%| O|  |TAMS 0x00000000e0900000, 0x00000000e0800000| Untracked 
|   9|0x00000000e0900000, 0x00000000e0900000, 0x00000000e0a00000|  0%| F|  |TAMS 0x00000000e0900000, 0x00000000e0900000| Untracked 
|  10|0x00000000e0a00000, 0x00000000e0b00000, 0x00000000e0b00000|100%| O|  |TAMS 0x00000000e0b00000, 0x00000000e0a00000| Untracked 
|  11|0x00000000e0b00000, 0x00000000e0c00000, 0x00000000e0c00000|100%| O|  |TAMS 0x00000000e0c00000, 0x00000000e0b00000| Untracked 
|  12|0x00000000e0c00000, 0x00000000e0d00000, 0x00000000e0d00000|100%| O|  |TAMS 0x00000000e0d00000, 0x00000000e0c00000| Untracked 
|  13|0x00000000e0d00000, 0x00000000e0d00000, 0x00000000e0e00000|  0%| F|  |TAMS 0x00000000e0d00000, 0x00000000e0d00000| Untracked 
|  14|0x00000000e0e00000, 0x00000000e0e00000, 0x00000000e0f00000|  0%| F|  |TAMS 0x00000000e0e00000, 0x00000000e0e00000| Untracked 
|  15|0x00000000e0f00000, 0x00000000e1000000, 0x00000000e1000000|100%| O|  |TAMS 0x00000000e1000000, 0x00000000e0f00000| Untracked 
|  16|0x00000000e1000000, 0x00000000e1100000, 0x00000000e1100000|100%| O|  |TAMS 0x00000000e1100000, 0x00000000e1000000| Untracked 
|  17|0x00000000e1100000, 0x00000000e1200000, 0x00000000e1200000|100%| O|  |TAMS 0x00000000e1200000, 0x00000000e1100000| Untracked 
|  18|0x00000000e1200000, 0x00000000e1300000, 0x00000000e1300000|100%| O|  |TAMS 0x00000000e1300000, 0x00000000e1200000| Untracked 
|  19|0x00000000e1300000, 0x00000000e1400000, 0x00000000e1400000|100%| O|  |TAMS 0x00000000e1400000, 0x00000000e1300000| Untracked 
|  20|0x00000000e1400000, 0x00000000e1500000, 0x00000000e1500000|100%| O|  |TAMS 0x00000000e1500000, 0x00000000e1400000| Untracked 
|  21|0x00000000e1500000, 0x00000000e1600000, 0x00000000e1600000|100%| O|  |TAMS 0x00000000e1600000, 0x00000000e1500000| Untracked 
|  22|0x00000000e1600000, 0x00000000e1700000, 0x00000000e1700000|100%| O|  |TAMS 0x00000000e1700000, 0x00000000e1600000| Untracked 
|  23|0x00000000e1700000, 0x00000000e1800000, 0x00000000e1800000|100%| O|  |TAMS 0x00000000e1800000, 0x00000000e1700000| Untracked 
|  24|0x00000000e1800000, 0x00000000e1900000, 0x00000000e1900000|100%| O|  |TAMS 0x00000000e1900000, 0x00000000e1800000| Untracked 
|  25|0x00000000e1900000, 0x00000000e1a00000, 0x00000000e1a00000|100%| O|  |TAMS 0x00000000e1a00000, 0x00000000e1900000| Untracked 
|  26|0x00000000e1a00000, 0x00000000e1b00000, 0x00000000e1b00000|100%| O|  |TAMS 0x00000000e1b00000, 0x00000000e1a00000| Untracked 
|  27|0x00000000e1b00000, 0x00000000e1c00000, 0x00000000e1c00000|100%| O|  |TAMS 0x00000000e1c00000, 0x00000000e1b00000| Untracked 
|  28|0x00000000e1c00000, 0x00000000e1d00000, 0x00000000e1d00000|100%| O|  |TAMS 0x00000000e1d00000, 0x00000000e1c00000| Untracked 
|  29|0x00000000e1d00000, 0x00000000e1e00000, 0x00000000e1e00000|100%| O|  |TAMS 0x00000000e1e00000, 0x00000000e1d00000| Untracked 
|  30|0x00000000e1e00000, 0x00000000e1e9f800, 0x00000000e1f00000| 62%| O|  |TAMS 0x00000000e1e9f800, 0x00000000e1e00000| Untracked 
|  31|0x00000000e1f00000, 0x00000000e1f00000, 0x00000000e2000000|  0%| F|  |TAMS 0x00000000e1f00000, 0x00000000e1f00000| Untracked 
|  32|0x00000000e2000000, 0x00000000e2000000, 0x00000000e2100000|  0%| F|  |TAMS 0x00000000e2000000, 0x00000000e2000000| Untracked 
|  33|0x00000000e2100000, 0x00000000e2100000, 0x00000000e2200000|  0%| F|  |TAMS 0x00000000e2100000, 0x00000000e2100000| Untracked 
|  34|0x00000000e2200000, 0x00000000e2200000, 0x00000000e2300000|  0%| F|  |TAMS 0x00000000e2200000, 0x00000000e2200000| Untracked 
|  35|0x00000000e2300000, 0x00000000e2300000, 0x00000000e2400000|  0%| F|  |TAMS 0x00000000e2300000, 0x00000000e2300000| Untracked 
|  36|0x00000000e2400000, 0x00000000e2400000, 0x00000000e2500000|  0%| F|  |TAMS 0x00000000e2400000, 0x00000000e2400000| Untracked 
|  37|0x00000000e2500000, 0x00000000e2500000, 0x00000000e2600000|  0%| F|  |TAMS 0x00000000e2500000, 0x00000000e2500000| Untracked 
|  38|0x00000000e2600000, 0x00000000e2600000, 0x00000000e2700000|  0%| F|  |TAMS 0x00000000e2600000, 0x00000000e2600000| Untracked 
|  39|0x00000000e2700000, 0x00000000e2700000, 0x00000000e2800000|  0%| F|  |TAMS 0x00000000e2700000, 0x00000000e2700000| Untracked 
|  40|0x00000000e2800000, 0x00000000e2800000, 0x00000000e2900000|  0%| F|  |TAMS 0x00000000e2800000, 0x00000000e2800000| Untracked 
|  41|0x00000000e2900000, 0x00000000e2900000, 0x00000000e2a00000|  0%| F|  |TAMS 0x00000000e2900000, 0x00000000e2900000| Untracked 
|  42|0x00000000e2a00000, 0x00000000e2a00000, 0x00000000e2b00000|  0%| F|  |TAMS 0x00000000e2a00000, 0x00000000e2a00000| Untracked 
|  43|0x00000000e2b00000, 0x00000000e2b00000, 0x00000000e2c00000|  0%| F|  |TAMS 0x00000000e2b00000, 0x00000000e2b00000| Untracked 
|  44|0x00000000e2c00000, 0x00000000e2c00000, 0x00000000e2d00000|  0%| F|  |TAMS 0x00000000e2c00000, 0x00000000e2c00000| Untracked 
|  45|0x00000000e2d00000, 0x00000000e2d00000, 0x00000000e2e00000|  0%| F|  |TAMS 0x00000000e2d00000, 0x00000000e2d00000| Untracked 
|  46|0x00000000e2e00000, 0x00000000e2e00000, 0x00000000e2f00000|  0%| F|  |TAMS 0x00000000e2e00000, 0x00000000e2e00000| Untracked 
|  47|0x00000000e2f00000, 0x00000000e2f00000, 0x00000000e3000000|  0%| F|  |TAMS 0x00000000e2f00000, 0x00000000e2f00000| Untracked 
|  48|0x00000000e3000000, 0x00000000e3000000, 0x00000000e3100000|  0%| F|  |TAMS 0x00000000e3000000, 0x00000000e3000000| Untracked 
|  49|0x00000000e3100000, 0x00000000e3100000, 0x00000000e3200000|  0%| F|  |TAMS 0x00000000e3100000, 0x00000000e3100000| Untracked 
|  50|0x00000000e3200000, 0x00000000e3200000, 0x00000000e3300000|  0%| F|  |TAMS 0x00000000e3200000, 0x00000000e3200000| Untracked 
|  51|0x00000000e3300000, 0x00000000e3300000, 0x00000000e3400000|  0%| F|  |TAMS 0x00000000e3300000, 0x00000000e3300000| Untracked 
|  52|0x00000000e3400000, 0x00000000e3400000, 0x00000000e3500000|  0%| F|  |TAMS 0x00000000e3400000, 0x00000000e3400000| Untracked 
|  53|0x00000000e3500000, 0x00000000e3500000, 0x00000000e3600000|  0%| F|  |TAMS 0x00000000e3500000, 0x00000000e3500000| Untracked 
|  54|0x00000000e3600000, 0x00000000e3600000, 0x00000000e3700000|  0%| F|  |TAMS 0x00000000e3600000, 0x00000000e3600000| Untracked 
|  55|0x00000000e3700000, 0x00000000e3700000, 0x00000000e3800000|  0%| F|  |TAMS 0x00000000e3700000, 0x00000000e3700000| Untracked 
|  56|0x00000000e3800000, 0x00000000e3800000, 0x00000000e3900000|  0%| F|  |TAMS 0x00000000e3800000, 0x00000000e3800000| Untracked 
|  57|0x00000000e3900000, 0x00000000e3900000, 0x00000000e3a00000|  0%| F|  |TAMS 0x00000000e3900000, 0x00000000e3900000| Untracked 
|  58|0x00000000e3a00000, 0x00000000e3a00000, 0x00000000e3b00000|  0%| F|  |TAMS 0x00000000e3a00000, 0x00000000e3a00000| Untracked 
|  59|0x00000000e3b00000, 0x00000000e3b00000, 0x00000000e3c00000|  0%| F|  |TAMS 0x00000000e3b00000, 0x00000000e3b00000| Untracked 
|  60|0x00000000e3c00000, 0x00000000e3c00000, 0x00000000e3d00000|  0%| F|  |TAMS 0x00000000e3c00000, 0x00000000e3c00000| Untracked 
|  61|0x00000000e3d00000, 0x00000000e3d00000, 0x00000000e3e00000|  0%| F|  |TAMS 0x00000000e3d00000, 0x00000000e3d00000| Untracked 
|  62|0x00000000e3e00000, 0x00000000e3e00000, 0x00000000e3f00000|  0%| F|  |TAMS 0x00000000e3e00000, 0x00000000e3e00000| Untracked 
|  63|0x00000000e3f00000, 0x00000000e3f00000, 0x00000000e4000000|  0%| F|  |TAMS 0x00000000e3f00000, 0x00000000e3f00000| Untracked 
|  64|0x00000000e4000000, 0x00000000e4000000, 0x00000000e4100000|  0%| F|  |TAMS 0x00000000e4000000, 0x00000000e4000000| Untracked 
|  65|0x00000000e4100000, 0x00000000e4100000, 0x00000000e4200000|  0%| F|  |TAMS 0x00000000e4100000, 0x00000000e4100000| Untracked 
|  66|0x00000000e4200000, 0x00000000e4200000, 0x00000000e4300000|  0%| F|  |TAMS 0x00000000e4200000, 0x00000000e4200000| Untracked 
|  67|0x00000000e4300000, 0x00000000e4300000, 0x00000000e4400000|  0%| F|  |TAMS 0x00000000e4300000, 0x00000000e4300000| Untracked 
|  68|0x00000000e4400000, 0x00000000e4400000, 0x00000000e4500000|  0%| F|  |TAMS 0x00000000e4400000, 0x00000000e4400000| Untracked 
|  69|0x00000000e4500000, 0x00000000e4500000, 0x00000000e4600000|  0%| F|  |TAMS 0x00000000e4500000, 0x00000000e4500000| Untracked 
|  70|0x00000000e4600000, 0x00000000e4600000, 0x00000000e4700000|  0%| F|  |TAMS 0x00000000e4600000, 0x00000000e4600000| Untracked 
|  71|0x00000000e4700000, 0x00000000e4700000, 0x00000000e4800000|  0%| F|  |TAMS 0x00000000e4700000, 0x00000000e4700000| Untracked 
|  72|0x00000000e4800000, 0x00000000e4800000, 0x00000000e4900000|  0%| F|  |TAMS 0x00000000e4800000, 0x00000000e4800000| Untracked 
|  73|0x00000000e4900000, 0x00000000e4900000, 0x00000000e4a00000|  0%| F|  |TAMS 0x00000000e4900000, 0x00000000e4900000| Untracked 
|  74|0x00000000e4a00000, 0x00000000e4a00000, 0x00000000e4b00000|  0%| F|  |TAMS 0x00000000e4a00000, 0x00000000e4a00000| Untracked 
|  75|0x00000000e4b00000, 0x00000000e4b00000, 0x00000000e4c00000|  0%| F|  |TAMS 0x00000000e4b00000, 0x00000000e4b00000| Untracked 
|  76|0x00000000e4c00000, 0x00000000e4c00000, 0x00000000e4d00000|  0%| F|  |TAMS 0x00000000e4c00000, 0x00000000e4c00000| Untracked 
|  77|0x00000000e4d00000, 0x00000000e4d00000, 0x00000000e4e00000|  0%| F|  |TAMS 0x00000000e4d00000, 0x00000000e4d00000| Untracked 
|  78|0x00000000e4e00000, 0x00000000e4e00000, 0x00000000e4f00000|  0%| F|  |TAMS 0x00000000e4e00000, 0x00000000e4e00000| Untracked 
|  79|0x00000000e4f00000, 0x00000000e4f00000, 0x00000000e5000000|  0%| F|  |TAMS 0x00000000e4f00000, 0x00000000e4f00000| Untracked 
|  80|0x00000000e5000000, 0x00000000e5000000, 0x00000000e5100000|  0%| F|  |TAMS 0x00000000e5000000, 0x00000000e5000000| Untracked 
|  81|0x00000000e5100000, 0x00000000e5100000, 0x00000000e5200000|  0%| F|  |TAMS 0x00000000e5100000, 0x00000000e5100000| Untracked 
|  82|0x00000000e5200000, 0x00000000e5200000, 0x00000000e5300000|  0%| F|  |TAMS 0x00000000e5200000, 0x00000000e5200000| Untracked 
|  83|0x00000000e5300000, 0x00000000e5300000, 0x00000000e5400000|  0%| F|  |TAMS 0x00000000e5300000, 0x00000000e5300000| Untracked 
|  84|0x00000000e5400000, 0x00000000e5400000, 0x00000000e5500000|  0%| F|  |TAMS 0x00000000e5400000, 0x00000000e5400000| Untracked 
|  85|0x00000000e5500000, 0x00000000e5500000, 0x00000000e5600000|  0%| F|  |TAMS 0x00000000e5500000, 0x00000000e5500000| Untracked 
|  86|0x00000000e5600000, 0x00000000e5600000, 0x00000000e5700000|  0%| F|  |TAMS 0x00000000e5600000, 0x00000000e5600000| Untracked 
|  87|0x00000000e5700000, 0x00000000e5700000, 0x00000000e5800000|  0%| F|  |TAMS 0x00000000e5700000, 0x00000000e5700000| Untracked 
|  88|0x00000000e5800000, 0x00000000e5800000, 0x00000000e5900000|  0%| F|  |TAMS 0x00000000e5800000, 0x00000000e5800000| Untracked 
|  89|0x00000000e5900000, 0x00000000e5900000, 0x00000000e5a00000|  0%| F|  |TAMS 0x00000000e5900000, 0x00000000e5900000| Untracked 
|  90|0x00000000e5a00000, 0x00000000e5a00000, 0x00000000e5b00000|  0%| F|  |TAMS 0x00000000e5a00000, 0x00000000e5a00000| Untracked 
|  91|0x00000000e5b00000, 0x00000000e5b00000, 0x00000000e5c00000|  0%| F|  |TAMS 0x00000000e5b00000, 0x00000000e5b00000| Untracked 
|  92|0x00000000e5c00000, 0x00000000e5c00000, 0x00000000e5d00000|  0%| F|  |TAMS 0x00000000e5c00000, 0x00000000e5c00000| Untracked 
|  93|0x00000000e5d00000, 0x00000000e5d2c420, 0x00000000e5e00000| 17%| S|CS|TAMS 0x00000000e5d00000, 0x00000000e5d00000| Complete 
|  94|0x00000000e5e00000, 0x00000000e5f00000, 0x00000000e5f00000|100%| S|CS|TAMS 0x00000000e5e00000, 0x00000000e5e00000| Complete 
|  95|0x00000000e5f00000, 0x00000000e6000000, 0x00000000e6000000|100%| S|CS|TAMS 0x00000000e5f00000, 0x00000000e5f00000| Complete 
|  96|0x00000000e6000000, 0x00000000e6100000, 0x00000000e6100000|100%| S|CS|TAMS 0x00000000e6000000, 0x00000000e6000000| Complete 
|  97|0x00000000e6100000, 0x00000000e6200000, 0x00000000e6200000|100%| S|CS|TAMS 0x00000000e6100000, 0x00000000e6100000| Complete 
|  98|0x00000000e6200000, 0x00000000e6300000, 0x00000000e6300000|100%| S|CS|TAMS 0x00000000e6200000, 0x00000000e6200000| Complete 
|  99|0x00000000e6300000, 0x00000000e6400000, 0x00000000e6400000|100%| S|CS|TAMS 0x00000000e6300000, 0x00000000e6300000| Complete 
| 100|0x00000000e6400000, 0x00000000e6500000, 0x00000000e6500000|100%| S|CS|TAMS 0x00000000e6400000, 0x00000000e6400000| Complete 
| 101|0x00000000e6500000, 0x00000000e6600000, 0x00000000e6600000|100%| S|CS|TAMS 0x00000000e6500000, 0x00000000e6500000| Complete 
| 102|0x00000000e6600000, 0x00000000e6700000, 0x00000000e6700000|100%| S|CS|TAMS 0x00000000e6600000, 0x00000000e6600000| Complete 
| 103|0x00000000e6700000, 0x00000000e6800000, 0x00000000e6800000|100%| S|CS|TAMS 0x00000000e6700000, 0x00000000e6700000| Complete 
| 104|0x00000000e6800000, 0x00000000e6900000, 0x00000000e6900000|100%| S|CS|TAMS 0x00000000e6800000, 0x00000000e6800000| Complete 
| 105|0x00000000e6900000, 0x00000000e6a00000, 0x00000000e6a00000|100%| S|CS|TAMS 0x00000000e6900000, 0x00000000e6900000| Complete 
| 106|0x00000000e6a00000, 0x00000000e6a00000, 0x00000000e6b00000|  0%| F|  |TAMS 0x00000000e6a00000, 0x00000000e6a00000| Untracked 
| 107|0x00000000e6b00000, 0x00000000e6b00000, 0x00000000e6c00000|  0%| F|  |TAMS 0x00000000e6b00000, 0x00000000e6b00000| Untracked 
| 108|0x00000000e6c00000, 0x00000000e6c00000, 0x00000000e6d00000|  0%| F|  |TAMS 0x00000000e6c00000, 0x00000000e6c00000| Untracked 
| 109|0x00000000e6d00000, 0x00000000e6d00000, 0x00000000e6e00000|  0%| F|  |TAMS 0x00000000e6d00000, 0x00000000e6d00000| Untracked 
| 110|0x00000000e6e00000, 0x00000000e6e00000, 0x00000000e6f00000|  0%| F|  |TAMS 0x00000000e6e00000, 0x00000000e6e00000| Untracked 
| 111|0x00000000e6f00000, 0x00000000e6f00000, 0x00000000e7000000|  0%| F|  |TAMS 0x00000000e6f00000, 0x00000000e6f00000| Untracked 
| 112|0x00000000e7000000, 0x00000000e7000000, 0x00000000e7100000|  0%| F|  |TAMS 0x00000000e7000000, 0x00000000e7000000| Untracked 
| 113|0x00000000e7100000, 0x00000000e7100000, 0x00000000e7200000|  0%| F|  |TAMS 0x00000000e7100000, 0x00000000e7100000| Untracked 
| 114|0x00000000e7200000, 0x00000000e7200000, 0x00000000e7300000|  0%| F|  |TAMS 0x00000000e7200000, 0x00000000e7200000| Untracked 
| 115|0x00000000e7300000, 0x00000000e7300000, 0x00000000e7400000|  0%| F|  |TAMS 0x00000000e7300000, 0x00000000e7300000| Untracked 
| 116|0x00000000e7400000, 0x00000000e7400000, 0x00000000e7500000|  0%| F|  |TAMS 0x00000000e7400000, 0x00000000e7400000| Untracked 
| 117|0x00000000e7500000, 0x00000000e7500000, 0x00000000e7600000|  0%| F|  |TAMS 0x00000000e7500000, 0x00000000e7500000| Untracked 
| 118|0x00000000e7600000, 0x00000000e7600000, 0x00000000e7700000|  0%| F|  |TAMS 0x00000000e7600000, 0x00000000e7600000| Untracked 
| 119|0x00000000e7700000, 0x00000000e7700000, 0x00000000e7800000|  0%| F|  |TAMS 0x00000000e7700000, 0x00000000e7700000| Untracked 
| 120|0x00000000e7800000, 0x00000000e7800000, 0x00000000e7900000|  0%| F|  |TAMS 0x00000000e7800000, 0x00000000e7800000| Untracked 
| 121|0x00000000e7900000, 0x00000000e7900000, 0x00000000e7a00000|  0%| F|  |TAMS 0x00000000e7900000, 0x00000000e7900000| Untracked 
| 122|0x00000000e7a00000, 0x00000000e7a00000, 0x00000000e7b00000|  0%| F|  |TAMS 0x00000000e7a00000, 0x00000000e7a00000| Untracked 
| 123|0x00000000e7b00000, 0x00000000e7b00000, 0x00000000e7c00000|  0%| F|  |TAMS 0x00000000e7b00000, 0x00000000e7b00000| Untracked 
| 124|0x00000000e7c00000, 0x00000000e7c00000, 0x00000000e7d00000|  0%| F|  |TAMS 0x00000000e7c00000, 0x00000000e7c00000| Untracked 
| 125|0x00000000e7d00000, 0x00000000e7d00000, 0x00000000e7e00000|  0%| F|  |TAMS 0x00000000e7d00000, 0x00000000e7d00000| Untracked 
| 126|0x00000000e7e00000, 0x00000000e7e00000, 0x00000000e7f00000|  0%| F|  |TAMS 0x00000000e7e00000, 0x00000000e7e00000| Untracked 
| 127|0x00000000e7f00000, 0x00000000e7f00000, 0x00000000e8000000|  0%| F|  |TAMS 0x00000000e7f00000, 0x00000000e7f00000| Untracked 
| 128|0x00000000e8000000, 0x00000000e8000000, 0x00000000e8100000|  0%| F|  |TAMS 0x00000000e8000000, 0x00000000e8000000| Untracked 
| 129|0x00000000e8100000, 0x00000000e8100000, 0x00000000e8200000|  0%| F|  |TAMS 0x00000000e8100000, 0x00000000e8100000| Untracked 
| 130|0x00000000e8200000, 0x00000000e8200000, 0x00000000e8300000|  0%| F|  |TAMS 0x00000000e8200000, 0x00000000e8200000| Untracked 
| 131|0x00000000e8300000, 0x00000000e8300000, 0x00000000e8400000|  0%| F|  |TAMS 0x00000000e8300000, 0x00000000e8300000| Untracked 
| 132|0x00000000e8400000, 0x00000000e8400000, 0x00000000e8500000|  0%| F|  |TAMS 0x00000000e8400000, 0x00000000e8400000| Untracked 
| 133|0x00000000e8500000, 0x00000000e8500000, 0x00000000e8600000|  0%| F|  |TAMS 0x00000000e8500000, 0x00000000e8500000| Untracked 
| 134|0x00000000e8600000, 0x00000000e8600000, 0x00000000e8700000|  0%| F|  |TAMS 0x00000000e8600000, 0x00000000e8600000| Untracked 
| 135|0x00000000e8700000, 0x00000000e8700000, 0x00000000e8800000|  0%| F|  |TAMS 0x00000000e8700000, 0x00000000e8700000| Untracked 
| 136|0x00000000e8800000, 0x00000000e8800000, 0x00000000e8900000|  0%| F|  |TAMS 0x00000000e8800000, 0x00000000e8800000| Untracked 
| 137|0x00000000e8900000, 0x00000000e8900000, 0x00000000e8a00000|  0%| F|  |TAMS 0x00000000e8900000, 0x00000000e8900000| Untracked 
| 138|0x00000000e8a00000, 0x00000000e8a00000, 0x00000000e8b00000|  0%| F|  |TAMS 0x00000000e8a00000, 0x00000000e8a00000| Untracked 
| 139|0x00000000e8b00000, 0x00000000e8b00000, 0x00000000e8c00000|  0%| F|  |TAMS 0x00000000e8b00000, 0x00000000e8b00000| Untracked 
| 140|0x00000000e8c00000, 0x00000000e8c00000, 0x00000000e8d00000|  0%| F|  |TAMS 0x00000000e8c00000, 0x00000000e8c00000| Untracked 
| 141|0x00000000e8d00000, 0x00000000e8d00000, 0x00000000e8e00000|  0%| F|  |TAMS 0x00000000e8d00000, 0x00000000e8d00000| Untracked 
| 142|0x00000000e8e00000, 0x00000000e8e00000, 0x00000000e8f00000|  0%| F|  |TAMS 0x00000000e8e00000, 0x00000000e8e00000| Untracked 
| 143|0x00000000e8f00000, 0x00000000e8f00000, 0x00000000e9000000|  0%| F|  |TAMS 0x00000000e8f00000, 0x00000000e8f00000| Untracked 
| 144|0x00000000e9000000, 0x00000000e9000000, 0x00000000e9100000|  0%| F|  |TAMS 0x00000000e9000000, 0x00000000e9000000| Untracked 
| 145|0x00000000e9100000, 0x00000000e9100000, 0x00000000e9200000|  0%| F|  |TAMS 0x00000000e9100000, 0x00000000e9100000| Untracked 
| 146|0x00000000e9200000, 0x00000000e9200000, 0x00000000e9300000|  0%| F|  |TAMS 0x00000000e9200000, 0x00000000e9200000| Untracked 
| 147|0x00000000e9300000, 0x00000000e9300000, 0x00000000e9400000|  0%| F|  |TAMS 0x00000000e9300000, 0x00000000e9300000| Untracked 
| 148|0x00000000e9400000, 0x00000000e9400000, 0x00000000e9500000|  0%| F|  |TAMS 0x00000000e9400000, 0x00000000e9400000| Untracked 
| 149|0x00000000e9500000, 0x00000000e9500000, 0x00000000e9600000|  0%| F|  |TAMS 0x00000000e9500000, 0x00000000e9500000| Untracked 
| 150|0x00000000e9600000, 0x00000000e9600000, 0x00000000e9700000|  0%| F|  |TAMS 0x00000000e9600000, 0x00000000e9600000| Untracked 
| 151|0x00000000e9700000, 0x00000000e9700000, 0x00000000e9800000|  0%| F|  |TAMS 0x00000000e9700000, 0x00000000e9700000| Untracked 
| 152|0x00000000e9800000, 0x00000000e9800000, 0x00000000e9900000|  0%| F|  |TAMS 0x00000000e9800000, 0x00000000e9800000| Untracked 
| 153|0x00000000e9900000, 0x00000000e99727a8, 0x00000000e9a00000| 44%| E|  |TAMS 0x00000000e9900000, 0x00000000e9900000| Complete 
| 154|0x00000000e9a00000, 0x00000000e9b00000, 0x00000000e9b00000|100%| E|CS|TAMS 0x00000000e9a00000, 0x00000000e9a00000| Complete 
| 155|0x00000000e9b00000, 0x00000000e9c00000, 0x00000000e9c00000|100%| E|CS|TAMS 0x00000000e9b00000, 0x00000000e9b00000| Complete 
| 156|0x00000000e9c00000, 0x00000000e9d00000, 0x00000000e9d00000|100%| E|CS|TAMS 0x00000000e9c00000, 0x00000000e9c00000| Complete 
| 157|0x00000000e9d00000, 0x00000000e9e00000, 0x00000000e9e00000|100%| E|CS|TAMS 0x00000000e9d00000, 0x00000000e9d00000| Complete 
| 158|0x00000000e9e00000, 0x00000000e9f00000, 0x00000000e9f00000|100%| E|  |TAMS 0x00000000e9e00000, 0x00000000e9e00000| Complete 
| 159|0x00000000e9f00000, 0x00000000ea000000, 0x00000000ea000000|100%| E|CS|TAMS 0x00000000e9f00000, 0x00000000e9f00000| Complete 
| 160|0x00000000ea000000, 0x00000000ea100000, 0x00000000ea100000|100%| E|CS|TAMS 0x00000000ea000000, 0x00000000ea000000| Complete 
| 161|0x00000000ea100000, 0x00000000ea200000, 0x00000000ea200000|100%| E|CS|TAMS 0x00000000ea100000, 0x00000000ea100000| Complete 
| 162|0x00000000ea200000, 0x00000000ea300000, 0x00000000ea300000|100%| E|CS|TAMS 0x00000000ea200000, 0x00000000ea200000| Complete 
| 163|0x00000000ea300000, 0x00000000ea400000, 0x00000000ea400000|100%| E|CS|TAMS 0x00000000ea300000, 0x00000000ea300000| Complete 
| 164|0x00000000ea400000, 0x00000000ea500000, 0x00000000ea500000|100%| E|CS|TAMS 0x00000000ea400000, 0x00000000ea400000| Complete 
| 165|0x00000000ea500000, 0x00000000ea600000, 0x00000000ea600000|100%| E|CS|TAMS 0x00000000ea500000, 0x00000000ea500000| Complete 
| 166|0x00000000ea600000, 0x00000000ea700000, 0x00000000ea700000|100%| E|CS|TAMS 0x00000000ea600000, 0x00000000ea600000| Complete 
| 167|0x00000000ea700000, 0x00000000ea800000, 0x00000000ea800000|100%| E|CS|TAMS 0x00000000ea700000, 0x00000000ea700000| Complete 
| 168|0x00000000ea800000, 0x00000000ea900000, 0x00000000ea900000|100%| E|CS|TAMS 0x00000000ea800000, 0x00000000ea800000| Complete 
| 169|0x00000000ea900000, 0x00000000eaa00000, 0x00000000eaa00000|100%| E|CS|TAMS 0x00000000ea900000, 0x00000000ea900000| Complete 
| 170|0x00000000eaa00000, 0x00000000eab00000, 0x00000000eab00000|100%| E|CS|TAMS 0x00000000eaa00000, 0x00000000eaa00000| Complete 
| 171|0x00000000eab00000, 0x00000000eac00000, 0x00000000eac00000|100%| E|CS|TAMS 0x00000000eab00000, 0x00000000eab00000| Complete 
| 172|0x00000000eac00000, 0x00000000ead00000, 0x00000000ead00000|100%| E|CS|TAMS 0x00000000eac00000, 0x00000000eac00000| Complete 
| 173|0x00000000ead00000, 0x00000000eae00000, 0x00000000eae00000|100%| E|CS|TAMS 0x00000000ead00000, 0x00000000ead00000| Complete 
| 174|0x00000000eae00000, 0x00000000eaf00000, 0x00000000eaf00000|100%| E|CS|TAMS 0x00000000eae00000, 0x00000000eae00000| Complete 
| 175|0x00000000eaf00000, 0x00000000eb000000, 0x00000000eb000000|100%| E|CS|TAMS 0x00000000eaf00000, 0x00000000eaf00000| Complete 
| 176|0x00000000eb000000, 0x00000000eb100000, 0x00000000eb100000|100%| E|CS|TAMS 0x00000000eb000000, 0x00000000eb000000| Complete 
| 177|0x00000000eb100000, 0x00000000eb200000, 0x00000000eb200000|100%| E|CS|TAMS 0x00000000eb100000, 0x00000000eb100000| Complete 
| 178|0x00000000eb200000, 0x00000000eb300000, 0x00000000eb300000|100%| E|CS|TAMS 0x00000000eb200000, 0x00000000eb200000| Complete 
| 179|0x00000000eb300000, 0x00000000eb400000, 0x00000000eb400000|100%| E|CS|TAMS 0x00000000eb300000, 0x00000000eb300000| Complete 
| 180|0x00000000eb400000, 0x00000000eb500000, 0x00000000eb500000|100%| E|CS|TAMS 0x00000000eb400000, 0x00000000eb400000| Complete 
| 181|0x00000000eb500000, 0x00000000eb600000, 0x00000000eb600000|100%| E|CS|TAMS 0x00000000eb500000, 0x00000000eb500000| Complete 
| 182|0x00000000eb600000, 0x00000000eb700000, 0x00000000eb700000|100%| E|CS|TAMS 0x00000000eb600000, 0x00000000eb600000| Complete 
| 183|0x00000000eb700000, 0x00000000eb800000, 0x00000000eb800000|100%| E|CS|TAMS 0x00000000eb700000, 0x00000000eb700000| Complete 
| 184|0x00000000eb800000, 0x00000000eb900000, 0x00000000eb900000|100%| E|CS|TAMS 0x00000000eb800000, 0x00000000eb800000| Complete 
| 185|0x00000000eb900000, 0x00000000eba00000, 0x00000000eba00000|100%| E|CS|TAMS 0x00000000eb900000, 0x00000000eb900000| Complete 
| 186|0x00000000eba00000, 0x00000000ebb00000, 0x00000000ebb00000|100%| E|CS|TAMS 0x00000000eba00000, 0x00000000eba00000| Complete 
| 187|0x00000000ebb00000, 0x00000000ebc00000, 0x00000000ebc00000|100%| E|CS|TAMS 0x00000000ebb00000, 0x00000000ebb00000| Complete 
| 188|0x00000000ebc00000, 0x00000000ebd00000, 0x00000000ebd00000|100%| E|CS|TAMS 0x00000000ebc00000, 0x00000000ebc00000| Complete 
| 189|0x00000000ebd00000, 0x00000000ebe00000, 0x00000000ebe00000|100%| E|CS|TAMS 0x00000000ebd00000, 0x00000000ebd00000| Complete 
| 190|0x00000000ebe00000, 0x00000000ebf00000, 0x00000000ebf00000|100%| E|CS|TAMS 0x00000000ebe00000, 0x00000000ebe00000| Complete 
| 191|0x00000000ebf00000, 0x00000000ec000000, 0x00000000ec000000|100%| E|CS|TAMS 0x00000000ebf00000, 0x00000000ebf00000| Complete 
| 192|0x00000000ec000000, 0x00000000ec100000, 0x00000000ec100000|100%| E|CS|TAMS 0x00000000ec000000, 0x00000000ec000000| Complete 
| 193|0x00000000ec100000, 0x00000000ec200000, 0x00000000ec200000|100%| E|CS|TAMS 0x00000000ec100000, 0x00000000ec100000| Complete 
| 194|0x00000000ec200000, 0x00000000ec300000, 0x00000000ec300000|100%| E|CS|TAMS 0x00000000ec200000, 0x00000000ec200000| Complete 
| 195|0x00000000ec300000, 0x00000000ec400000, 0x00000000ec400000|100%| E|CS|TAMS 0x00000000ec300000, 0x00000000ec300000| Complete 
| 196|0x00000000ec400000, 0x00000000ec500000, 0x00000000ec500000|100%| E|CS|TAMS 0x00000000ec400000, 0x00000000ec400000| Complete 
| 197|0x00000000ec500000, 0x00000000ec600000, 0x00000000ec600000|100%| E|CS|TAMS 0x00000000ec500000, 0x00000000ec500000| Complete 
| 198|0x00000000ec600000, 0x00000000ec700000, 0x00000000ec700000|100%| E|CS|TAMS 0x00000000ec600000, 0x00000000ec600000| Complete 
| 199|0x00000000ec700000, 0x00000000ec800000, 0x00000000ec800000|100%| E|CS|TAMS 0x00000000ec700000, 0x00000000ec700000| Complete 
| 200|0x00000000ec800000, 0x00000000ec900000, 0x00000000ec900000|100%| E|CS|TAMS 0x00000000ec800000, 0x00000000ec800000| Complete 
| 201|0x00000000ec900000, 0x00000000eca00000, 0x00000000eca00000|100%| E|CS|TAMS 0x00000000ec900000, 0x00000000ec900000| Complete 
| 202|0x00000000eca00000, 0x00000000ecb00000, 0x00000000ecb00000|100%| E|CS|TAMS 0x00000000eca00000, 0x00000000eca00000| Complete 
| 203|0x00000000ecb00000, 0x00000000ecc00000, 0x00000000ecc00000|100%| E|CS|TAMS 0x00000000ecb00000, 0x00000000ecb00000| Complete 
| 204|0x00000000ecc00000, 0x00000000ecd00000, 0x00000000ecd00000|100%| E|CS|TAMS 0x00000000ecc00000, 0x00000000ecc00000| Complete 
| 205|0x00000000ecd00000, 0x00000000ece00000, 0x00000000ece00000|100%| E|CS|TAMS 0x00000000ecd00000, 0x00000000ecd00000| Complete 
| 206|0x00000000ece00000, 0x00000000ecf00000, 0x00000000ecf00000|100%| E|CS|TAMS 0x00000000ece00000, 0x00000000ece00000| Complete 
| 207|0x00000000ecf00000, 0x00000000ed000000, 0x00000000ed000000|100%| E|CS|TAMS 0x00000000ecf00000, 0x00000000ecf00000| Complete 
| 208|0x00000000ed000000, 0x00000000ed100000, 0x00000000ed100000|100%| E|CS|TAMS 0x00000000ed000000, 0x00000000ed000000| Complete 
| 209|0x00000000ed100000, 0x00000000ed200000, 0x00000000ed200000|100%| E|CS|TAMS 0x00000000ed100000, 0x00000000ed100000| Complete 
| 210|0x00000000ed200000, 0x00000000ed300000, 0x00000000ed300000|100%| E|CS|TAMS 0x00000000ed200000, 0x00000000ed200000| Complete 
| 211|0x00000000ed300000, 0x00000000ed400000, 0x00000000ed400000|100%| E|CS|TAMS 0x00000000ed300000, 0x00000000ed300000| Complete 
| 212|0x00000000ed400000, 0x00000000ed500000, 0x00000000ed500000|100%| E|CS|TAMS 0x00000000ed400000, 0x00000000ed400000| Complete 
| 213|0x00000000ed500000, 0x00000000ed600000, 0x00000000ed600000|100%| E|CS|TAMS 0x00000000ed500000, 0x00000000ed500000| Complete 
| 214|0x00000000ed600000, 0x00000000ed700000, 0x00000000ed700000|100%| E|CS|TAMS 0x00000000ed600000, 0x00000000ed600000| Complete 
| 215|0x00000000ed700000, 0x00000000ed800000, 0x00000000ed800000|100%| E|CS|TAMS 0x00000000ed700000, 0x00000000ed700000| Complete 
| 216|0x00000000ed800000, 0x00000000ed900000, 0x00000000ed900000|100%| E|CS|TAMS 0x00000000ed800000, 0x00000000ed800000| Complete 
| 217|0x00000000ed900000, 0x00000000eda00000, 0x00000000eda00000|100%| E|CS|TAMS 0x00000000ed900000, 0x00000000ed900000| Complete 
| 218|0x00000000eda00000, 0x00000000edb00000, 0x00000000edb00000|100%| E|CS|TAMS 0x00000000eda00000, 0x00000000eda00000| Complete 
| 219|0x00000000edb00000, 0x00000000edc00000, 0x00000000edc00000|100%| E|CS|TAMS 0x00000000edb00000, 0x00000000edb00000| Complete 
| 220|0x00000000edc00000, 0x00000000edd00000, 0x00000000edd00000|100%| E|CS|TAMS 0x00000000edc00000, 0x00000000edc00000| Complete 
| 221|0x00000000edd00000, 0x00000000ede00000, 0x00000000ede00000|100%| E|CS|TAMS 0x00000000edd00000, 0x00000000edd00000| Complete 
| 222|0x00000000ede00000, 0x00000000edf00000, 0x00000000edf00000|100%| E|CS|TAMS 0x00000000ede00000, 0x00000000ede00000| Complete 
| 223|0x00000000edf00000, 0x00000000ee000000, 0x00000000ee000000|100%| E|CS|TAMS 0x00000000edf00000, 0x00000000edf00000| Complete 
| 224|0x00000000ee000000, 0x00000000ee100000, 0x00000000ee100000|100%| E|CS|TAMS 0x00000000ee000000, 0x00000000ee000000| Complete 
| 225|0x00000000ee100000, 0x00000000ee200000, 0x00000000ee200000|100%| E|CS|TAMS 0x00000000ee100000, 0x00000000ee100000| Complete 
| 226|0x00000000ee200000, 0x00000000ee300000, 0x00000000ee300000|100%| E|CS|TAMS 0x00000000ee200000, 0x00000000ee200000| Complete 
| 227|0x00000000ee300000, 0x00000000ee400000, 0x00000000ee400000|100%| E|CS|TAMS 0x00000000ee300000, 0x00000000ee300000| Complete 
| 228|0x00000000ee400000, 0x00000000ee500000, 0x00000000ee500000|100%| E|CS|TAMS 0x00000000ee400000, 0x00000000ee400000| Complete 
| 229|0x00000000ee500000, 0x00000000ee600000, 0x00000000ee600000|100%| E|CS|TAMS 0x00000000ee500000, 0x00000000ee500000| Complete 
| 230|0x00000000ee600000, 0x00000000ee700000, 0x00000000ee700000|100%| E|CS|TAMS 0x00000000ee600000, 0x00000000ee600000| Complete 
| 231|0x00000000ee700000, 0x00000000ee800000, 0x00000000ee800000|100%| E|CS|TAMS 0x00000000ee700000, 0x00000000ee700000| Complete 
| 232|0x00000000ee800000, 0x00000000ee900000, 0x00000000ee900000|100%| E|CS|TAMS 0x00000000ee800000, 0x00000000ee800000| Complete 
| 233|0x00000000ee900000, 0x00000000eea00000, 0x00000000eea00000|100%| E|CS|TAMS 0x00000000ee900000, 0x00000000ee900000| Complete 
| 234|0x00000000eea00000, 0x00000000eeb00000, 0x00000000eeb00000|100%| E|CS|TAMS 0x00000000eea00000, 0x00000000eea00000| Complete 
| 235|0x00000000eeb00000, 0x00000000eec00000, 0x00000000eec00000|100%| E|CS|TAMS 0x00000000eeb00000, 0x00000000eeb00000| Complete 
| 236|0x00000000eec00000, 0x00000000eed00000, 0x00000000eed00000|100%| E|CS|TAMS 0x00000000eec00000, 0x00000000eec00000| Complete 
| 237|0x00000000eed00000, 0x00000000eee00000, 0x00000000eee00000|100%| E|CS|TAMS 0x00000000eed00000, 0x00000000eed00000| Complete 
| 238|0x00000000eee00000, 0x00000000eef00000, 0x00000000eef00000|100%| E|CS|TAMS 0x00000000eee00000, 0x00000000eee00000| Complete 
| 239|0x00000000eef00000, 0x00000000ef000000, 0x00000000ef000000|100%| E|CS|TAMS 0x00000000eef00000, 0x00000000eef00000| Complete 
| 240|0x00000000ef000000, 0x00000000ef100000, 0x00000000ef100000|100%| E|CS|TAMS 0x00000000ef000000, 0x00000000ef000000| Complete 
| 241|0x00000000ef100000, 0x00000000ef200000, 0x00000000ef200000|100%| E|CS|TAMS 0x00000000ef100000, 0x00000000ef100000| Complete 
| 242|0x00000000ef200000, 0x00000000ef300000, 0x00000000ef300000|100%| E|CS|TAMS 0x00000000ef200000, 0x00000000ef200000| Complete 
| 243|0x00000000ef300000, 0x00000000ef400000, 0x00000000ef400000|100%| E|CS|TAMS 0x00000000ef300000, 0x00000000ef300000| Complete 
| 244|0x00000000ef400000, 0x00000000ef500000, 0x00000000ef500000|100%| E|CS|TAMS 0x00000000ef400000, 0x00000000ef400000| Complete 
| 245|0x00000000ef500000, 0x00000000ef600000, 0x00000000ef600000|100%| E|CS|TAMS 0x00000000ef500000, 0x00000000ef500000| Complete 
| 246|0x00000000ef600000, 0x00000000ef700000, 0x00000000ef700000|100%| E|CS|TAMS 0x00000000ef600000, 0x00000000ef600000| Complete 
| 247|0x00000000ef700000, 0x00000000ef800000, 0x00000000ef800000|100%| E|CS|TAMS 0x00000000ef700000, 0x00000000ef700000| Complete 
| 248|0x00000000ef800000, 0x00000000ef900000, 0x00000000ef900000|100%| E|CS|TAMS 0x00000000ef800000, 0x00000000ef800000| Complete 
| 249|0x00000000ef900000, 0x00000000efa00000, 0x00000000efa00000|100%| E|CS|TAMS 0x00000000ef900000, 0x00000000ef900000| Complete 
| 250|0x00000000efa00000, 0x00000000efb00000, 0x00000000efb00000|100%| E|CS|TAMS 0x00000000efa00000, 0x00000000efa00000| Complete 
| 251|0x00000000efb00000, 0x00000000efc00000, 0x00000000efc00000|100%| E|CS|TAMS 0x00000000efb00000, 0x00000000efb00000| Complete 
| 252|0x00000000efc00000, 0x00000000efd00000, 0x00000000efd00000|100%| E|CS|TAMS 0x00000000efc00000, 0x00000000efc00000| Complete 
| 253|0x00000000efd00000, 0x00000000efe00000, 0x00000000efe00000|100%| E|CS|TAMS 0x00000000efd00000, 0x00000000efd00000| Complete 
| 254|0x00000000efe00000, 0x00000000eff00000, 0x00000000eff00000|100%| E|CS|TAMS 0x00000000efe00000, 0x00000000efe00000| Complete 
| 255|0x00000000eff00000, 0x00000000f0000000, 0x00000000f0000000|100%| E|CS|TAMS 0x00000000eff00000, 0x00000000eff00000| Complete 

Card table byte_map: [0x000001ea51f30000,0x000001ea52030000] _byte_map_base: 0x000001ea51830000

Marking Bits (Prev, Next): (CMBitMap*) 0x000001ea3b634910, (CMBitMap*) 0x000001ea3b634950
 Prev Bits: [0x000001ea52130000, 0x000001ea52930000)
 Next Bits: [0x000001ea52930000, 0x000001ea53130000)

Polling page: 0x000001ea39500000

Metaspace:

Usage:
  Non-class:     48.50 MB used.
      Class:      7.74 MB used.
       Both:     56.25 MB used.

Virtual space:
  Non-class space:       64.00 MB reserved,      49.25 MB ( 77%) committed,  1 nodes.
      Class space:      208.00 MB reserved,       8.56 MB (  4%) committed,  1 nodes.
             Both:      272.00 MB reserved,      57.81 MB ( 21%) committed. 

Chunk freelists:
   Non-Class:  2.70 MB
       Class:  3.45 MB
        Both:  6.16 MB

MaxMetaspaceSize: 256.00 MB
CompressedClassSpaceSize: 208.00 MB
Initial GC threshold: 21.00 MB
Current GC threshold: 59.81 MB
CDS: on
MetaspaceReclaimPolicy: balanced
 - commit_granule_bytes: 65536.
 - commit_granule_words: 8192.
 - virtual_space_node_default_size: 8388608.
 - enlarge_chunks_in_place: 1.
 - new_chunks_are_fully_committed: 0.
 - uncommit_free_chunks: 1.
 - use_allocation_guard: 0.


Internal statistics:

num_allocs_failed_limit: 9.
num_arena_births: 2962.
num_arena_deaths: 0.
num_vsnodes_births: 2.
num_vsnodes_deaths: 0.
num_space_committed: 925.
num_space_uncommitted: 0.
num_chunks_returned_to_freelist: 9.
num_chunks_taken_from_freelist: 5660.
num_chunk_merges: 9.
num_chunk_splits: 3675.
num_chunks_enlarged: 2239.
num_inconsistent_stats: 0.

CodeHeap 'non-profiled nmethods': size=120000Kb used=3032Kb max_used=3032Kb free=116967Kb
 bounds [0x000001ea4aa00000, 0x000001ea4ad00000, 0x000001ea51f30000]
CodeHeap 'profiled nmethods': size=120000Kb used=13595Kb max_used=13595Kb free=106404Kb
 bounds [0x000001ea434d0000, 0x000001ea44220000, 0x000001ea4aa00000]
CodeHeap 'non-nmethods': size=5760Kb used=2346Kb max_used=2381Kb free=3414Kb
 bounds [0x000001ea42f30000, 0x000001ea431a0000, 0x000001ea434d0000]
 total_blobs=7857 nmethods=7003 adapters=766
 compilation: enabled
              stopped_count=0, restarted_count=0
 full_count=0

Compilation events (20 events):
Event: 19.373 Thread 0x000001ea556b0170 nmethod 7849 0x000001ea441cf110 code [0x000001ea441cf2c0, 0x000001ea441cf648]
Event: 19.373 Thread 0x000001ea556b0170 7846       3       com.sun.tools.javac.parser.Tokens$NamedToken::<init> (16 bytes)
Event: 19.373 Thread 0x000001ea556b0170 nmethod 7846 0x000001ea441cf710 code [0x000001ea441cf8c0, 0x000001ea441cfbe8]
Event: 19.373 Thread 0x000001ea556b0170 7845       3       com.sun.tools.javac.parser.JavaTokenizer::acceptThenPut (25 bytes)
Event: 19.374 Thread 0x000001ea556b0170 nmethod 7845 0x000001ea441cfd10 code [0x000001ea441cfee0, 0x000001ea441d04f8]
Event: 19.374 Thread 0x000001ea556b0170 7850       3       com.sun.tools.javac.parser.UnicodeReader::isAvailable (17 bytes)
Event: 19.374 Thread 0x000001ea556b0170 nmethod 7850 0x000001ea441d0690 code [0x000001ea441d0820, 0x000001ea441d0998]
Event: 19.374 Thread 0x000001ea556b0170 7848       3       com.sun.tools.javac.parser.JavacParser::ident (6 bytes)
Event: 19.374 Thread 0x000001ea556b0170 nmethod 7848 0x000001ea441d0a10 code [0x000001ea441d0bc0, 0x000001ea441d0d08]
Event: 19.374 Thread 0x000001ea556b0170 7851       3       com.sun.tools.javac.util.List::of (12 bytes)
Event: 19.375 Thread 0x000001ea556b0170 nmethod 7851 0x000001ea441d0d90 code [0x000001ea441d0f40, 0x000001ea441d12d8]
Event: 19.375 Thread 0x000001ea556b0170 7827       3       java.lang.StringUTF16::putCharSB (12 bytes)
Event: 19.375 Thread 0x000001ea556b0170 nmethod 7827 0x000001ea441d1410 code [0x000001ea441d15c0, 0x000001ea441d1818]
Event: 19.375 Thread 0x000001ea556b0170 7852       3       com.sun.tools.javac.parser.UnicodeReader::reset (25 bytes)
Event: 19.375 Thread 0x000001ea556b0170 nmethod 7852 0x000001ea441d1990 code [0x000001ea441d1b20, 0x000001ea441d1c68]
Event: 19.375 Thread 0x000001ea556b0170 7854       3       com.sun.tools.javac.parser.JavacParser::typeArgumentsOpt (49 bytes)
Event: 19.376 Thread 0x000001ea556b0170 nmethod 7854 0x000001ea441d1d10 code [0x000001ea441d1ee0, 0x000001ea441d21f8]
Event: 19.376 Thread 0x000001ea556b0170 7855       3       com.sun.tools.javac.util.ListBuffer::append (66 bytes)
Event: 19.377 Thread 0x000001ea556b0170 nmethod 7855 0x000001ea441d2310 code [0x000001ea441d2520, 0x000001ea441d2d58]
Event: 19.377 Thread 0x000001ea556b0170 7857       3       com.sun.tools.javac.parser.JavacParser::term3 (2724 bytes)

GC Heap History (16 events):
Event: 0.822 GC heap before
{Heap before GC invocations=0 (full 0):
 garbage-first heap   total 262144K, used 16384K [0x00000000e0000000, 0x0000000100000000)
  region size 1024K, 13 young (13312K), 0 survivors (0K)
 Metaspace       used 894K, committed 1024K, reserved 278528K
  class space    used 69K, committed 128K, reserved 212992K
}
Event: 0.827 GC heap after
{Heap after GC invocations=1 (full 0):
 garbage-first heap   total 262144K, used 4144K [0x00000000e0000000, 0x0000000100000000)
  region size 1024K, 2 young (2048K), 2 survivors (2048K)
 Metaspace       used 894K, committed 1024K, reserved 278528K
  class space    used 69K, committed 128K, reserved 212992K
}
Event: 1.722 GC heap before
{Heap before GC invocations=1 (full 0):
 garbage-first heap   total 262144K, used 21552K [0x00000000e0000000, 0x0000000100000000)
  region size 1024K, 17 young (17408K), 2 survivors (2048K)
 Metaspace       used 3815K, committed 4032K, reserved 278528K
  class space    used 474K, committed 576K, reserved 212992K
}
Event: 1.727 GC heap after
{Heap after GC invocations=2 (full 0):
 garbage-first heap   total 262144K, used 9216K [0x00000000e0000000, 0x0000000100000000)
  region size 1024K, 2 young (2048K), 2 survivors (2048K)
 Metaspace       used 3815K, committed 4032K, reserved 278528K
  class space    used 474K, committed 576K, reserved 212992K
}
Event: 2.429 GC heap before
{Heap before GC invocations=2 (full 0):
 garbage-first heap   total 262144K, used 30720K [0x00000000e0000000, 0x0000000100000000)
  region size 1024K, 23 young (23552K), 2 survivors (2048K)
 Metaspace       used 3939K, committed 4096K, reserved 278528K
  class space    used 476K, committed 576K, reserved 212992K
}
Event: 2.434 GC heap after
{Heap after GC invocations=3 (full 0):
 garbage-first heap   total 262144K, used 13731K [0x00000000e0000000, 0x0000000100000000)
  region size 1024K, 3 young (3072K), 3 survivors (3072K)
 Metaspace       used 3939K, committed 4096K, reserved 278528K
  class space    used 476K, committed 576K, reserved 212992K
}
Event: 7.328 GC heap before
{Heap before GC invocations=3 (full 0):
 garbage-first heap   total 262144K, used 108963K [0x00000000e0000000, 0x0000000100000000)
  region size 1024K, 97 young (99328K), 3 survivors (3072K)
 Metaspace       used 20846K, committed 21504K, reserved 278528K
  class space    used 3049K, committed 3392K, reserved 212992K
}
Event: 7.357 GC heap after
{Heap after GC invocations=4 (full 0):
 garbage-first heap   total 262144K, used 20837K [0x00000000e0000000, 0x0000000100000000)
  region size 1024K, 10 young (10240K), 10 survivors (10240K)
 Metaspace       used 20846K, committed 21504K, reserved 278528K
  class space    used 3049K, committed 3392K, reserved 212992K
}
Event: 10.485 GC heap before
{Heap before GC invocations=5 (full 0):
 garbage-first heap   total 262144K, used 119141K [0x00000000e0000000, 0x0000000100000000)
  region size 1024K, 104 young (106496K), 10 survivors (10240K)
 Metaspace       used 34955K, committed 36096K, reserved 278528K
  class space    used 4779K, committed 5376K, reserved 212992K
}
Event: 10.513 GC heap after
{Heap after GC invocations=6 (full 0):
 garbage-first heap   total 262144K, used 31191K [0x00000000e0000000, 0x0000000100000000)
  region size 1024K, 15 young (15360K), 15 survivors (15360K)
 Metaspace       used 34955K, committed 36096K, reserved 278528K
  class space    used 4779K, committed 5376K, reserved 212992K
}
Event: 10.570 GC heap before
{Heap before GC invocations=6 (full 0):
 garbage-first heap   total 262144K, used 32215K [0x00000000e0000000, 0x0000000100000000)
  region size 1024K, 16 young (16384K), 15 survivors (15360K)
 Metaspace       used 35127K, committed 36288K, reserved 278528K
  class space    used 4800K, committed 5376K, reserved 212992K
}
Event: 10.598 GC heap after
{Heap after GC invocations=7 (full 0):
 garbage-first heap   total 262144K, used 30334K [0x00000000e0000000, 0x0000000100000000)
  region size 1024K, 2 young (2048K), 2 survivors (2048K)
 Metaspace       used 35127K, committed 36288K, reserved 278528K
  class space    used 4800K, committed 5376K, reserved 212992K
}
Event: 10.665 GC heap before
{Heap before GC invocations=7 (full 0):
 garbage-first heap   total 262144K, used 31358K [0x00000000e0000000, 0x0000000100000000)
  region size 1024K, 4 young (4096K), 2 survivors (2048K)
 Metaspace       used 35317K, committed 36416K, reserved 278528K
  class space    used 4825K, committed 5376K, reserved 212992K
}
Event: 10.667 GC heap after
{Heap after GC invocations=8 (full 0):
 garbage-first heap   total 262144K, used 28911K [0x00000000e0000000, 0x0000000100000000)
  region size 1024K, 1 young (1024K), 1 survivors (1024K)
 Metaspace       used 35317K, committed 36416K, reserved 278528K
  class space    used 4825K, committed 5376K, reserved 212992K
}
Event: 15.775 GC heap before
{Heap before GC invocations=9 (full 0):
 garbage-first heap   total 262144K, used 180463K [0x00000000e0000000, 0x0000000100000000)
  region size 1024K, 150 young (153600K), 1 survivors (1024K)
 Metaspace       used 49542K, committed 51136K, reserved 278528K
  class space    used 7006K, committed 7808K, reserved 212992K
}
Event: 15.807 GC heap after
{Heap after GC invocations=10 (full 0):
 garbage-first heap   total 262144K, used 40751K [0x00000000e0000000, 0x0000000100000000)
  region size 1024K, 13 young (13312K), 13 survivors (13312K)
 Metaspace       used 49542K, committed 51136K, reserved 278528K
  class space    used 7006K, committed 7808K, reserved 212992K
}

Deoptimization events (20 events):
Event: 18.108 Thread 0x000001ea5c72b900 DEOPT PACKING pc=0x000001ea43a2b023 sp=0x000000b571cfb1d0
Event: 18.108 Thread 0x000001ea5c72b900 DEOPT UNPACKING pc=0x000001ea42f82b43 sp=0x000000b571cfa640 mode 0
Event: 18.563 Thread 0x000001ea5c72b900 Uncommon trap: trap_request=0xffffff45 fr.pc=0x000001ea4ac15460 relative=0x00000000000023e0
Event: 18.563 Thread 0x000001ea5c72b900 Uncommon trap: reason=unstable_if action=reinterpret pc=0x000001ea4ac15460 method=java.util.zip.ZipFile$Source.getMetaVersion(II)I @ 53 c2
Event: 18.563 Thread 0x000001ea5c72b900 DEOPT PACKING pc=0x000001ea4ac15460 sp=0x000000b571cf9230
Event: 18.563 Thread 0x000001ea5c72b900 DEOPT UNPACKING pc=0x000001ea42f823a3 sp=0x000000b571cf9180 mode 2
Event: 18.659 Thread 0x000001ea5c72b900 DEOPT PACKING pc=0x000001ea4358b1bd sp=0x000000b571cf91f0
Event: 18.659 Thread 0x000001ea5c72b900 DEOPT UNPACKING pc=0x000001ea42f82b43 sp=0x000000b571cf8688 mode 0
Event: 18.762 Thread 0x000001ea5c72b900 DEOPT PACKING pc=0x000001ea43df6e68 sp=0x000000b571cf9280
Event: 18.762 Thread 0x000001ea5c72b900 DEOPT UNPACKING pc=0x000001ea42f82b43 sp=0x000000b571cf8710 mode 0
Event: 19.218 Thread 0x000001ea5c72b900 DEOPT PACKING pc=0x000001ea43de77d6 sp=0x000000b571cf9870
Event: 19.218 Thread 0x000001ea5c72b900 DEOPT UNPACKING pc=0x000001ea42f82b43 sp=0x000000b571cf8d58 mode 0
Event: 19.237 Thread 0x000001ea5c72b900 Uncommon trap: trap_request=0xffffff45 fr.pc=0x000001ea4ace4908 relative=0x0000000000003448
Event: 19.237 Thread 0x000001ea5c72b900 Uncommon trap: reason=unstable_if action=reinterpret pc=0x000001ea4ace4908 method=java.util.zip.ZipFile$Source.getMetaVersion(II)I @ 53 c2
Event: 19.237 Thread 0x000001ea5c72b900 DEOPT PACKING pc=0x000001ea4ace4908 sp=0x000000b571cf90d0
Event: 19.237 Thread 0x000001ea5c72b900 DEOPT UNPACKING pc=0x000001ea42f823a3 sp=0x000000b571cf9030 mode 2
Event: 19.334 Thread 0x000001ea5c72b900 Uncommon trap: trap_request=0xffffff45 fr.pc=0x000001ea4aa90468 relative=0x00000000000003c8
Event: 19.334 Thread 0x000001ea5c72b900 Uncommon trap: reason=unstable_if action=reinterpret pc=0x000001ea4aa90468 method=java.lang.StringBuilder.toString()Ljava/lang/String; @ 4 c2
Event: 19.334 Thread 0x000001ea5c72b900 DEOPT PACKING pc=0x000001ea4aa90468 sp=0x000000b571cf8850
Event: 19.334 Thread 0x000001ea5c72b900 DEOPT UNPACKING pc=0x000001ea42f823a3 sp=0x000000b571cf8830 mode 2

Classes loaded (20 events):
Event: 18.315 Loading class java/util/JumboEnumSet
Event: 18.316 Loading class java/util/JumboEnumSet done
Event: 18.330 Loading class java/util/JumboEnumSet$EnumSetIterator
Event: 18.330 Loading class java/util/JumboEnumSet$EnumSetIterator done
Event: 18.340 Loading class java/util/ResourceBundle$KeyElementReference
Event: 18.341 Loading class java/util/ResourceBundle$CacheKeyReference
Event: 18.341 Loading class java/util/ResourceBundle$CacheKeyReference done
Event: 18.341 Loading class java/util/ResourceBundle$KeyElementReference done
Event: 18.341 Loading class java/util/ResourceBundle$3
Event: 18.341 Loading class java/util/ResourceBundle$3 done
Event: 18.350 Loading class java/util/ResourceBundle$BundleReference
Event: 18.350 Loading class java/util/ResourceBundle$BundleReference done
Event: 18.435 Loading class java/util/ServiceLoader$ProviderSpliterator
Event: 18.435 Loading class java/util/ServiceLoader$ProviderSpliterator done
Event: 19.274 Loading class java/nio/channels/Channels
Event: 19.275 Loading class java/nio/channels/Channels done
Event: 19.275 Loading class sun/nio/ch/ChannelInputStream
Event: 19.275 Loading class sun/nio/ch/ChannelInputStream done
Event: 19.332 Loading class java/util/regex/Pattern$Caret
Event: 19.332 Loading class java/util/regex/Pattern$Caret done

Classes unloaded (0 events):
No events

Classes redefined (0 events):
No events

Internal exceptions (20 events):
Event: 14.076 Thread 0x000001ea5b44fbe0 Exception <a 'java/lang/ClassNotFoundException'{0x00000000e92975a0}: org/gradle/api/DefaultTaskCustomizer> (0x00000000e92975a0) 
thrown [t:\workspace\open\src\hotspot\share\classfile\systemDictionary.cpp, line 255]
Event: 14.084 Thread 0x000001ea5b44fbe0 Exception <a 'java/lang/ClassNotFoundException'{0x00000000e92fc670}: org/gradle/api/internal/ConventionTaskCustomizer> (0x00000000e92fc670) 
thrown [t:\workspace\open\src\hotspot\share\classfile\systemDictionary.cpp, line 255]
Event: 14.087 Thread 0x000001ea5b44fbe0 Exception <a 'java/lang/ClassNotFoundException'{0x00000000e9119e60}: org/gradle/api/tasks/testing/AbstractTestTaskCustomizer> (0x00000000e9119e60) 
thrown [t:\workspace\open\src\hotspot\share\classfile\systemDictionary.cpp, line 255]
Event: 14.091 Thread 0x000001ea5b44fbe0 Exception <a 'java/lang/ClassNotFoundException'{0x00000000e91470f0}: org/gradle/api/tasks/testing/TestCustomizer> (0x00000000e91470f0) 
thrown [t:\workspace\open\src\hotspot\share\classfile\systemDictionary.cpp, line 255]
Event: 14.103 Thread 0x000001ea5b44fbe0 Exception <a 'java/lang/ClassNotFoundException'{0x00000000e91d33a0}: org/gradle/api/tasks/testing/Test_DecoratedCustomizer> (0x00000000e91d33a0) 
thrown [t:\workspace\open\src\hotspot\share\classfile\systemDictionary.cpp, line 255]
Event: 14.121 Thread 0x000001ea5b44fbe0 Exception <a 'java/lang/NoSuchMethodError'{0x00000000e909cec8}: 'void java.lang.invoke.DirectMethodHandle$Holder.invokeVirtual(java.lang.Object, java.lang.Object)'> (0x00000000e909cec8) 
thrown [t:\workspace\open\src\hotspot\share\interpreter\linkResolver.cpp, line 766]
Event: 14.381 Thread 0x000001ea5c72b900 Exception <a 'java/lang/NoSuchMethodError'{0x00000000e89a4648}: 'java.lang.Object java.lang.invoke.DirectMethodHandle$Holder.invokeVirtual(java.lang.Object, java.lang.Object, java.lang.Object, java.lang.Object, java.lang.Object, java.lang.Object, java.lang.Object, java.lang.Object, java.lang.Object, java.lang.Object, java.lang.Object, java.lang.Object, java.lang.Object, java.lang.Object, java.lang.Object, java.lang.Object, java.lang.Object, java.lang.Object, java.lang.Object, java.lang.Object, java.lang.Ob
Event: 14.382 Thread 0x000001ea5c72b900 Exception <a 'java/lang/NoSuchMethodError'{0x00000000e89aaaa8}: 'java.lang.Object java.lang.invoke.DirectMethodHandle$Holder.invokeSpecial(java.lang.Object, java.lang.Object, java.lang.Object, java.lang.Object, java.lang.Object, java.lang.Object, java.lang.Object, java.lang.Object, java.lang.Object, java.lang.Object, java.lang.Object, java.lang.Object, java.lang.Object, java.lang.Object, java.lang.Object, java.lang.Object, java.lang.Object, java.lang.Object, java.lang.Object, java.lang.Object, java.lang.Ob
Event: 14.382 Thread 0x000001ea5c72b900 Exception <a 'java/lang/NoSuchMethodError'{0x00000000e89b0158}: 'java.lang.Object java.lang.invoke.DelegatingMethodHandle$Holder.reinvoke_L(java.lang.Object, java.lang.Object, java.lang.Object, java.lang.Object, java.lang.Object, java.lang.Object, java.lang.Object, java.lang.Object, java.lang.Object, java.lang.Object, java.lang.Object, java.lang.Object, java.lang.Object, java.lang.Object, java.lang.Object, java.lang.Object, java.lang.Object, java.lang.Object, java.lang.Object, java.lang.Object, java.lang.O
Event: 14.395 Thread 0x000001ea5c72b900 Exception <a 'java/lang/NoSuchMethodError'{0x00000000e8881a70}: 'java.lang.Object java.lang.invoke.DirectMethodHandle$Holder.invokeStatic(java.lang.Object, java.lang.Object, java.lang.Object, java.lang.Object, java.lang.Object, java.lang.Object, java.lang.Object, java.lang.Object, java.lang.Object, java.lang.Object, java.lang.Object, java.lang.Object, java.lang.Object, java.lang.Object, java.lang.Object, java.lang.Object, java.lang.Object, java.lang.Object, java.lang.Object, java.lang.Object, java.lang.Obj
Event: 14.415 Thread 0x000001ea5c72b900 Exception <a 'java/lang/IncompatibleClassChangeError'{0x00000000e88ffcd0}: Found class java.lang.Object, but interface was expected> (0x00000000e88ffcd0) 
thrown [t:\workspace\open\src\hotspot\share\interpreter\linkResolver.cpp, line 833]
Event: 14.774 Thread 0x000001ea5c72b900 Exception <a 'java/lang/IncompatibleClassChangeError'{0x00000000e83c7fb8}: Found class java.lang.Object, but interface was expected> (0x00000000e83c7fb8) 
thrown [t:\workspace\open\src\hotspot\share\interpreter\linkResolver.cpp, line 833]
Event: 14.810 Thread 0x000001ea5c72b900 Exception <a 'java/lang/ClassNotFoundException'{0x00000000e801d250}: org/gradle/api/internal/artifacts/configurations/DefaultConfiguration_DecoratedBeanInfo> (0x00000000e801d250) 
thrown [t:\workspace\open\src\hotspot\share\classfile\systemDictionary.cpp, line 255]
Event: 14.811 Thread 0x000001ea5c72b900 Exception <a 'java/lang/ClassNotFoundException'{0x00000000e8026870}: org/gradle/api/internal/artifacts/configurations/DefaultConfigurationBeanInfo> (0x00000000e8026870) 
thrown [t:\workspace\open\src\hotspot\share\classfile\systemDictionary.cpp, line 255]
Event: 14.811 Thread 0x000001ea5c72b900 Exception <a 'java/lang/ClassNotFoundException'{0x00000000e802e480}: org/gradle/api/internal/file/AbstractFileCollectionBeanInfo> (0x00000000e802e480) 
thrown [t:\workspace\open\src\hotspot\share\classfile\systemDictionary.cpp, line 255]
Event: 14.812 Thread 0x000001ea5c72b900 Exception <a 'java/lang/ClassNotFoundException'{0x00000000e8036060}: org/gradle/api/internal/file/AbstractFileCollectionCustomizer> (0x00000000e8036060) 
thrown [t:\workspace\open\src\hotspot\share\classfile\systemDictionary.cpp, line 255]
Event: 14.815 Thread 0x000001ea5c72b900 Exception <a 'java/lang/ClassNotFoundException'{0x00000000e8051a48}: org/gradle/api/internal/artifacts/configurations/DefaultConfigurationCustomizer> (0x00000000e8051a48) 
thrown [t:\workspace\open\src\hotspot\share\classfile\systemDictionary.cpp, line 255]
Event: 14.823 Thread 0x000001ea5c72b900 Exception <a 'java/lang/ClassNotFoundException'{0x00000000e80b7c78}: org/gradle/api/internal/artifacts/configurations/DefaultConfiguration_DecoratedCustomizer> (0x00000000e80b7c78) 
thrown [t:\workspace\open\src\hotspot\share\classfile\systemDictionary.cpp, line 255]
Event: 15.147 Thread 0x000001ea5c72b900 Exception <a 'java/lang/NoSuchMethodError'{0x00000000e78615c8}: 'void java.lang.invoke.Invokers$Holder.invokeExact_MT(java.lang.Object, java.lang.Object, java.lang.Object, java.lang.Object)'> (0x00000000e78615c8) 
thrown [t:\workspace\open\src\hotspot\share\interpreter\linkResolver.cpp, line 766]
Event: 18.091 Thread 0x000001ea5c72b900 Exception <a 'java/lang/NoSuchMethodError'{0x00000000ea9219f0}: 'int java.lang.invoke.DirectMethodHandle$Holder.invokeStaticInit(java.lang.Object, java.lang.Object, java.lang.Object, java.lang.Object, java.lang.Object)'> (0x00000000ea9219f0) 
thrown [t:\workspace\open\src\hotspot\share\interpreter\linkResolver.cpp, line 766]

VM Operations (20 events):
Event: 15.854 Executing VM operation: HandshakeAllThreads
Event: 15.854 Executing VM operation: HandshakeAllThreads done
Event: 16.413 Executing VM operation: ICBufferFull
Event: 16.413 Executing VM operation: ICBufferFull done
Event: 16.995 Executing VM operation: HandshakeAllThreads
Event: 16.995 Executing VM operation: HandshakeAllThreads done
Event: 17.191 Executing VM operation: HandshakeAllThreads
Event: 17.192 Executing VM operation: HandshakeAllThreads done
Event: 17.250 Executing VM operation: ICBufferFull
Event: 17.250 Executing VM operation: ICBufferFull done
Event: 17.975 Executing VM operation: HandshakeAllThreads
Event: 17.976 Executing VM operation: HandshakeAllThreads done
Event: 18.117 Executing VM operation: ICBufferFull
Event: 18.117 Executing VM operation: ICBufferFull done
Event: 18.450 Executing VM operation: HandshakeAllThreads
Event: 18.450 Executing VM operation: HandshakeAllThreads done
Event: 19.331 Executing VM operation: HandshakeAllThreads
Event: 19.331 Executing VM operation: HandshakeAllThreads done
Event: 19.331 Executing VM operation: Cleanup
Event: 19.331 Executing VM operation: Cleanup done

Events (20 events):
Event: 15.284 Thread 0x000001ea5c72f790 Thread added: 0x000001ea5c72f790
Event: 15.333 Thread 0x000001ea5c72e450 Thread added: 0x000001ea5c72e450
Event: 15.382 Thread 0x000001ea5c72df80 Thread added: 0x000001ea5c72df80
Event: 15.402 Thread 0x000001ea5be80530 Thread added: 0x000001ea5be80530
Event: 15.447 Thread 0x000001ea5a9277e0 Thread added: 0x000001ea5a9277e0
Event: 15.574 Thread 0x000001ea5a923950 Thread added: 0x000001ea5a923950
Event: 15.590 Thread 0x000001ea5a926e40 Thread added: 0x000001ea5a926e40
Event: 15.605 Thread 0x000001ea5a925fd0 Thread added: 0x000001ea5a925fd0
Event: 15.656 Thread 0x000001ea5a927cb0 Thread added: 0x000001ea5a927cb0
Event: 15.670 Thread 0x000001ea5a924c90 Thread added: 0x000001ea5a924c90
Event: 15.698 Thread 0x000001ea5a922fb0 Thread added: 0x000001ea5a922fb0
Event: 15.722 Thread 0x000001ea5a928650 Thread added: 0x000001ea5a928650
Event: 15.738 Thread 0x000001ea5a9294c0 Thread added: 0x000001ea5a9294c0
Event: 15.758 Thread 0x000001ea5a925160 Thread added: 0x000001ea5a925160
Event: 15.774 Thread 0x000001ea5a9264a0 Thread added: 0x000001ea5a9264a0
Event: 15.827 Thread 0x000001ea5a923e20 Thread added: 0x000001ea5a923e20
Event: 15.846 Thread 0x000001ea5a928180 Thread added: 0x000001ea5a928180
Event: 15.873 Thread 0x000001ea5a926970 Thread added: 0x000001ea5a926970
Event: 15.890 Thread 0x000001ea5a922610 Thread added: 0x000001ea5a922610
Event: 18.167 Thread 0x000001ea5a922140 Thread added: 0x000001ea5a922140


Dynamic libraries:
0x00007ff72d330000 - 0x00007ff72d340000 	D:\Aset\Programs\Java\jdk-18\bin\java.exe
0x00007ffe99e90000 - 0x00007ffe9a085000 	C:\Windows\SYSTEM32\ntdll.dll
0x00007ffe99d90000 - 0x00007ffe99e4e000 	C:\Windows\System32\KERNEL32.DLL
0x00007ffe97b50000 - 0x00007ffe97e18000 	C:\Windows\System32\KERNELBASE.dll
0x00007ffe97900000 - 0x00007ffe97a00000 	C:\Windows\System32\ucrtbase.dll
0x00007ffe89270000 - 0x00007ffe8928a000 	D:\Aset\Programs\Java\jdk-18\bin\VCRUNTIME140.dll
0x00007ffe8dd00000 - 0x00007ffe8dd18000 	D:\Aset\Programs\Java\jdk-18\bin\jli.dll
0x00007ffe998b0000 - 0x00007ffe9995e000 	C:\Windows\System32\ADVAPI32.dll
0x00007ffe983f0000 - 0x00007ffe9848e000 	C:\Windows\System32\msvcrt.dll
0x00007ffe99660000 - 0x00007ffe996fc000 	C:\Windows\System32\sechost.dll
0x00007ffe99530000 - 0x00007ffe99655000 	C:\Windows\System32\RPCRT4.dll
0x00007ffe99710000 - 0x00007ffe998b0000 	C:\Windows\System32\USER32.dll
0x00007ffe97e20000 - 0x00007ffe97e42000 	C:\Windows\System32\win32u.dll
0x00007ffe6f260000 - 0x00007ffe6f4fa000 	C:\Windows\WinSxS\amd64_microsoft.windows.common-controls_6595b64144ccf1df_6.0.19041.1110_none_60b5254171f9507e\COMCTL32.dll
0x00007ffe99500000 - 0x00007ffe9952a000 	C:\Windows\System32\GDI32.dll
0x00007ffe975b0000 - 0x00007ffe976bb000 	C:\Windows\System32\gdi32full.dll
0x00007ffe97e50000 - 0x00007ffe97eed000 	C:\Windows\System32\msvcp_win.dll
0x00007ffe905e0000 - 0x00007ffe905ea000 	C:\Windows\SYSTEM32\VERSION.dll
0x00007ffe98c00000 - 0x00007ffe98c30000 	C:\Windows\System32\IMM32.DLL
0x00007ffe922a0000 - 0x00007ffe922ac000 	D:\Aset\Programs\Java\jdk-18\bin\vcruntime140_1.dll
0x00007ffe816a0000 - 0x00007ffe8172d000 	D:\Aset\Programs\Java\jdk-18\bin\msvcp140.dll
0x00007ffe59330000 - 0x00007ffe59f41000 	D:\Aset\Programs\Java\jdk-18\bin\server\jvm.dll
0x00007ffe99700000 - 0x00007ffe99708000 	C:\Windows\System32\PSAPI.DLL
0x00007ffe8dc70000 - 0x00007ffe8dc97000 	C:\Windows\SYSTEM32\WINMM.dll
0x00007ffe92880000 - 0x00007ffe92889000 	C:\Windows\SYSTEM32\WSOCK32.dll
0x00007ffe98b90000 - 0x00007ffe98bfb000 	C:\Windows\System32\WS2_32.dll
0x00007ffe95490000 - 0x00007ffe954a2000 	C:\Windows\SYSTEM32\kernel.appcore.dll
0x00007ffe8dcf0000 - 0x00007ffe8dcfa000 	D:\Aset\Programs\Java\jdk-18\bin\jimage.dll
0x00007ffe8f620000 - 0x00007ffe8f804000 	C:\Windows\SYSTEM32\DBGHELP.DLL
0x00007ffe8f010000 - 0x00007ffe8f03c000 	C:\Windows\SYSTEM32\dbgcore.DLL
0x00007ffe97820000 - 0x00007ffe978a2000 	C:\Windows\System32\bcryptPrimitives.dll
0x00007ffe84090000 - 0x00007ffe840b5000 	D:\Aset\Programs\Java\jdk-18\bin\java.dll
0x00007ffe80530000 - 0x00007ffe80606000 	D:\Aset\Programs\Java\jdk-18\bin\jsvml.dll
0x00007ffe98db0000 - 0x00007ffe994f4000 	C:\Windows\System32\SHELL32.dll
0x00007ffe95690000 - 0x00007ffe95e24000 	C:\Windows\SYSTEM32\windows.storage.dll
0x00007ffe97fd0000 - 0x00007ffe98324000 	C:\Windows\System32\combase.dll
0x00007ffe96f50000 - 0x00007ffe96f7c000 	C:\Windows\SYSTEM32\Wldp.dll
0x00007ffe99aa0000 - 0x00007ffe99b4d000 	C:\Windows\System32\SHCORE.dll
0x00007ffe99d30000 - 0x00007ffe99d85000 	C:\Windows\System32\shlwapi.dll
0x00007ffe974f0000 - 0x00007ffe9750f000 	C:\Windows\SYSTEM32\profapi.dll
0x00007ffe83d50000 - 0x00007ffe83d63000 	D:\Aset\Programs\Java\jdk-18\bin\net.dll
0x00007ffe8e9e0000 - 0x00007ffe8eaea000 	C:\Windows\SYSTEM32\WINHTTP.dll
0x00007ffe96cb0000 - 0x00007ffe96d1a000 	C:\Windows\system32\mswsock.dll
0x00007ffe83b10000 - 0x00007ffe83b26000 	D:\Aset\Programs\Java\jdk-18\bin\nio.dll
0x00007ffe83af0000 - 0x00007ffe83b08000 	D:\Aset\Programs\Java\jdk-18\bin\zip.dll
0x00007ffe83eb0000 - 0x00007ffe83ec0000 	D:\Aset\Programs\Java\jdk-18\bin\verify.dll
0x00007ffe89310000 - 0x00007ffe89337000 	C:\Users\Asus\.gradle\native\e1d6ef7f7dcc3fd88c89a11ec53ec762bb8ba0a96d01ffa2cd45eb1d1d8dd5c5\windows-amd64\native-platform.dll
0x00007ffe814c0000 - 0x00007ffe81604000 	C:\Users\Asus\.gradle\native\0d407fdbe67a94daf76414ababcb853783967236a71b16ec16e742cd7a986fd3\windows-amd64\native-platform-file-events.dll
0x00007ffe83ae0000 - 0x00007ffe83ae9000 	D:\Aset\Programs\Java\jdk-18\bin\management.dll
0x00007ffe83ad0000 - 0x00007ffe83adb000 	D:\Aset\Programs\Java\jdk-18\bin\management_ext.dll
0x00007ffe96eb0000 - 0x00007ffe96ec8000 	C:\Windows\SYSTEM32\CRYPTSP.dll
0x00007ffe965f0000 - 0x00007ffe96624000 	C:\Windows\system32\rsaenh.dll
0x00007ffe97ab0000 - 0x00007ffe97ad7000 	C:\Windows\System32\bcrypt.dll
0x00007ffe974b0000 - 0x00007ffe974de000 	C:\Windows\SYSTEM32\USERENV.dll
0x00007ffe96ea0000 - 0x00007ffe96eac000 	C:\Windows\SYSTEM32\CRYPTBASE.dll
0x00007ffe96980000 - 0x00007ffe969bb000 	C:\Windows\SYSTEM32\IPHLPAPI.DLL
0x00007ffe99960000 - 0x00007ffe99968000 	C:\Windows\System32\NSI.dll
0x00007ffe91af0000 - 0x00007ffe91b07000 	C:\Windows\SYSTEM32\dhcpcsvc6.DLL
0x00007ffe91ad0000 - 0x00007ffe91aed000 	C:\Windows\SYSTEM32\dhcpcsvc.DLL
0x00007ffe969c0000 - 0x00007ffe96a8b000 	C:\Windows\SYSTEM32\DNSAPI.dll

dbghelp: loaded successfully - version: 4.0.5 - missing functions: none
symbol engine: initialized successfully - sym options: 0x614 - pdb path: .;D:\Aset\Programs\Java\jdk-18\bin;C:\Windows\SYSTEM32;C:\Windows\WinSxS\amd64_microsoft.windows.common-controls_6595b64144ccf1df_6.0.19041.1110_none_60b5254171f9507e;D:\Aset\Programs\Java\jdk-18\bin\server;C:\Users\Asus\.gradle\native\e1d6ef7f7dcc3fd88c89a11ec53ec762bb8ba0a96d01ffa2cd45eb1d1d8dd5c5\windows-amd64;C:\Users\Asus\.gradle\native\0d407fdbe67a94daf76414ababcb853783967236a71b16ec16e742cd7a986fd3\windows-amd64

VM Arguments:
jvm_args: --add-opens=java.base/java.util=ALL-UNNAMED --add-opens=java.base/java.lang=ALL-UNNAMED --add-opens=java.base/java.lang.invoke=ALL-UNNAMED --add-opens=java.base/java.util=ALL-UNNAMED --add-opens=java.prefs/java.util.prefs=ALL-UNNAMED --add-opens=java.prefs/java.util.prefs=ALL-UNNAMED --add-opens=java.base/java.nio.charset=ALL-UNNAMED --add-opens=java.base/java.net=ALL-UNNAMED --add-opens=java.base/java.util.concurrent.atomic=ALL-UNNAMED -XX:MaxMetaspaceSize=256m -XX:+HeapDumpOnOutOfMemoryError -Xms256m -Xmx512m -Dfile.encoding=UTF-8 -Duser.country=RU -Duser.language=ru -Duser.variant 
java_command: org.gradle.launcher.daemon.bootstrap.GradleDaemon 7.4.1
java_class_path (initial): C:\Users\Asus\.gradle\wrapper\dists\gradle-7.4.1-bin\58kw26xllvsiedyf3nujyarhn\gradle-7.4.1\lib\gradle-launcher-7.4.1.jar
Launcher Type: SUN_STANDARD

[Global flags]
     intx CICompilerCount                          = 3                                         {product} {ergonomic}
   size_t CompressedClassSpaceSize                 = 218103808                                 {product} {ergonomic}
     uint ConcGCThreads                            = 1                                         {product} {ergonomic}
     uint G1ConcRefinementThreads                  = 4                                         {product} {ergonomic}
   size_t G1HeapRegionSize                         = 1048576                                   {product} {ergonomic}
    uintx GCDrainStackTargetSize                   = 64                                        {product} {ergonomic}
     bool HeapDumpOnOutOfMemoryError               = true                                   {manageable} {command line}
   size_t InitialHeapSize                          = 268435456                                 {product} {command line}
   size_t MarkStackSize                            = 4194304                                   {product} {ergonomic}
   size_t MaxHeapSize                              = 536870912                                 {product} {command line}
   size_t MaxMetaspaceSize                         = 268435456                                 {product} {command line}
   size_t MaxNewSize                               = 321912832                                 {product} {ergonomic}
   size_t MinHeapDeltaBytes                        = 1048576                                   {product} {ergonomic}
   size_t MinHeapSize                              = 268435456                                 {product} {command line}
    uintx NonNMethodCodeHeapSize                   = 5832780                                {pd product} {ergonomic}
    uintx NonProfiledCodeHeapSize                  = 122912730                              {pd product} {ergonomic}
    uintx ProfiledCodeHeapSize                     = 122912730                              {pd product} {ergonomic}
    uintx ReservedCodeCacheSize                    = 251658240                              {pd product} {ergonomic}
     bool SegmentedCodeCache                       = true                                      {product} {ergonomic}
   size_t SoftMaxHeapSize                          = 536870912                              {manageable} {ergonomic}
     bool UseCompressedClassPointers               = true                           {product lp64_product} {ergonomic}
     bool UseCompressedOops                        = true                           {product lp64_product} {ergonomic}
     bool UseG1GC                                  = true                                      {product} {ergonomic}
     bool UseLargePagesIndividualAllocation        = false                                  {pd product} {ergonomic}

Logging:
Log output configuration:
 #0: stdout all=warning uptime,level,tags foldmultilines=false
 #1: stderr all=off uptime,level,tags foldmultilines=false

Environment Variables:
CLASSPATH=D:\Aset\IdeaProjects\ecollege\\gradle\wrapper\gradle-wrapper.jar
PATH=C:\Program Files\Common Files\Oracle\Java\javapath;C:\Windows\system32;C:\Windows;C:\Windows\System32\Wbem;C:\Windows\System32\WindowsPowerShell\v1.0\;C:\Windows\System32\OpenSSH\;D:\Aset\Programs\PuTTY\;C:\Program Files\Docker\Docker\resources\bin;C:\ProgramData\DockerDesktop\version-bin;D:\Aset\Programs\Git\cmd;C:\Users\Asus\AppData\Local\Microsoft\WindowsApps;D:\Aset\Programs\mongosh\;D:\Aset\Programs\Microsoft VS Code\bin
USERNAME=Asus
OS=Windows_NT
PROCESSOR_IDENTIFIER=Intel64 Family 6 Model 58 Stepping 9, GenuineIntel



---------------  S Y S T E M  ---------------

OS:
 Windows 10 , 64 bit Build 19041 (10.0.19041.1645)
OS uptime: 0 days 6:04 hours
Hyper-V role detected

CPU: total 4 (initial active 4) (2 cores per cpu, 2 threads per core) family 6 model 58 stepping 9 microcode 0x21, cx8, cmov, fxsr, ht, mmx, sse, sse2, sse3, ssse3, sse4.1, sse4.2, popcnt, tsc, tscinvbit, avx, aes, erms, clmul, vzeroupper, clflush, hv

Memory: 4k page, system-wide physical 3981M (264M free)
TotalPageFile size 16269M (AvailPageFile size 4M)
current process WorkingSet (physical memory assigned to process): 371M, peak: 372M
current process commit charge ("private bytes"): 469M, peak: 470M

vm_info: Java HotSpot(TM) 64-Bit Server VM (18+36-2087) for windows-amd64 JRE (18+36-2087), built on Feb 15 2022 09:43:11 by "mach5one" with MS VC++ 16.8 / 16.9 (VS2019)

END.
